#
# A fatal error has been detected by the Java Runtime Environment:
#
#  Internal Error (safepoint.cpp:919), pid=3119, tid=28167
#  fatal error: Illegal threadstate encountered: 4
#
# JRE version: Java(TM) SE Runtime Environment 18.9 (11.0.8+10) (build 11.0.8+10-LTS)
# Java VM: Java HotSpot(TM) 64-Bit Server VM 18.9 (11.0.8+10-LTS, mixed mode, tiered, compressed oops, g1 gc, bsd-amd64)
# No core dump will be written. Core dumps have been disabled. To enable core dumping, try "ulimit -c unlimited" before starting Java again
#
# If you would like to submit a bug report, please visit:
#   https://bugreport.java.com/bugreport/crash.jsp
# The crash happened outside the Java Virtual Machine in native code.
# See problematic frame for where to report the bug.
#

---------------  S U M M A R Y ------------

Command Line: --module-path=/Users/soniaswanson/downloads/javafx-sdk-17.0.1/lib --add-modules=javafx.controls,javafx.fxml -Dfile.encoding=UTF-8 ShowOrderFX -Djavafx.verbose=true

Host: MacBookAir8,2 x86_64 1600 MHz, 4 cores, 8G, Darwin 21.5.0
Time: Fri Jul 22 10:22:14 2022 CDT elapsed time: 36 seconds (0d 0h 0m 36s)

---------------  T H R E A D  ---------------

Current thread (0x00007f809e960000):  JavaThread "InvokeLaterDispatcher" daemon [_thread_in_native, id=28167, stack(0x000070000515b000,0x000070000525b000)]

Stack: [0x000070000515b000,0x000070000525b000],  sp=0x00007000052592a0,  free space=1016k
Native frames: (J=compiled Java code, A=aot compiled Java code, j=interpreted, Vv=VM code, C=native code)
V  [libjvm.dylib+0x785b9a]  _ZN7VMError14report_and_dieEiPKcS1_P13__va_list_tagP6ThreadPhPvS7_S1_im+0x63c
V  [libjvm.dylib+0x78621d]  _ZN7VMError14report_and_dieEP6ThreadPvPKciS4_S4_P13__va_list_tag+0x47
V  [libjvm.dylib+0x2650aa]  _Z12report_fatalPKciS0_z+0xb5
V  [libjvm.dylib+0x6a5799]  _ZN20SafepointSynchronize5blockEP10JavaThread+0x1cf
V  [libjvm.dylib+0x734a3a]  _ZN10JavaThread44check_safepoint_and_suspend_for_native_transEPS_+0xaa
V  [libjvm.dylib+0x3d7f9c]  jni_DeleteGlobalRef+0x93
C  [libglass.dylib+0x82e8]  -[GlassRunnable dealloc]+0x28
C  [Foundation+0x818ee]  -[_NSThreadPerformInfo dealloc]+0x2a
C  [Foundation+0x4e466]  -[NSObject(NSThreadPerformAdditions) performSelectorOnMainThread:withObject:waitUntilDone:]+0x7c
J 3907  com.sun.glass.ui.mac.MacApplication._submitForLaterInvocation(Ljava/lang/Runnable;)V javafx.graphics (0 bytes) @ 0x00000001213e960f [0x00000001213e9540+0x00000000000000cf]
J 3906 c1 com.sun.glass.ui.mac.MacApplication.submitForLaterInvocation(Ljava/lang/Runnable;)V javafx.graphics (6 bytes) @ 0x000000011a4cdfb4 [0x000000011a4cdf40+0x0000000000000074]
j  com.sun.glass.ui.InvokeLaterDispatcher.run()V+82 javafx.graphics
v  ~StubRoutines::call_stub
V  [libjvm.dylib+0x39c9da]  _ZN9JavaCalls11call_helperEP9JavaValueRK12methodHandleP17JavaCallArgumentsP6Thread+0x21a
V  [libjvm.dylib+0x39be40]  _ZN9JavaCalls12call_virtualEP9JavaValueP5KlassP6SymbolS5_P17JavaCallArgumentsP6Thread+0xee
V  [libjvm.dylib+0x39befc]  _ZN9JavaCalls12call_virtualEP9JavaValue6HandleP5KlassP6SymbolS6_P6Thread+0x62
V  [libjvm.dylib+0x420ee8]  _ZL12thread_entryP10JavaThreadP6Thread+0x78
V  [libjvm.dylib+0x733412]  _ZN10JavaThread17thread_main_innerEv+0x82
V  [libjvm.dylib+0x73325d]  _ZN10JavaThread3runEv+0x1a3
V  [libjvm.dylib+0x731068]  _ZN6Thread8call_runEv+0x60
V  [libjvm.dylib+0x635e47]  _ZL19thread_native_entryP6Thread+0x139
C  [libsystem_pthread.dylib+0x64e1]  _pthread_start+0x7d
C  [libsystem_pthread.dylib+0x1f6b]  thread_start+0xf

Java frames: (J=compiled Java code, j=interpreted, Vv=VM code)
J 3907  com.sun.glass.ui.mac.MacApplication._submitForLaterInvocation(Ljava/lang/Runnable;)V javafx.graphics (0 bytes) @ 0x00000001213e959c [0x00000001213e9540+0x000000000000005c]
J 3906 c1 com.sun.glass.ui.mac.MacApplication.submitForLaterInvocation(Ljava/lang/Runnable;)V javafx.graphics (6 bytes) @ 0x000000011a4cdfb4 [0x000000011a4cdf40+0x0000000000000074]
j  com.sun.glass.ui.InvokeLaterDispatcher.run()V+82 javafx.graphics
v  ~StubRoutines::call_stub

---------------  P R O C E S S  ---------------

Threads class SMR info:
_java_thread_list=0x0000600001c98480, length=16, elements={
0x00007f809e809000, 0x00007f809d03f000, 0x00007f809d015000, 0x00007f809e85b800,
0x00007f809f04c000, 0x00007f809e85e800, 0x00007f809e85f800, 0x00007f809f0d3000,
0x00007f809e8f3000, 0x00007f809e919800, 0x00007f809e960000, 0x00007f809e964000,
0x00007f809d0d7800, 0x00007f809f3ea000, 0x00007f809f432000, 0x00007f809f0ce800
}

Java Threads: ( => current thread )
  0x00007f809e809000 JavaThread "main" [_thread_blocked, id=5891, stack(0x0000700003f22000,0x0000700004022000)]
  0x00007f809d03f000 JavaThread "Reference Handler" daemon [_thread_blocked, id=18947, stack(0x0000700004637000,0x0000700004737000)]
  0x00007f809d015000 JavaThread "Finalizer" daemon [_thread_blocked, id=14851, stack(0x000070000473a000,0x000070000483a000)]
  0x00007f809e85b800 JavaThread "Signal Dispatcher" daemon [_thread_blocked, id=16387, stack(0x0000700004943000,0x0000700004a43000)]
  0x00007f809f04c000 JavaThread "C2 CompilerThread0" daemon [_thread_in_native, id=21763, stack(0x0000700004a46000,0x0000700004b46000)]
  0x00007f809e85e800 JavaThread "C1 CompilerThread0" daemon [_thread_blocked, id=42755, stack(0x0000700004b49000,0x0000700004c49000)]
  0x00007f809e85f800 JavaThread "Sweeper thread" daemon [_thread_blocked, id=22531, stack(0x0000700004c4c000,0x0000700004d4c000)]
  0x00007f809f0d3000 JavaThread "Common-Cleaner" daemon [_thread_blocked, id=22787, stack(0x0000700004d4f000,0x0000700004e4f000)]
  0x00007f809e8f3000 JavaThread "Service Thread" daemon [_thread_blocked, id=41731, stack(0x0000700004e52000,0x0000700004f52000)]
  0x00007f809e919800 JavaThread "QuantumRenderer-0" daemon [_thread_blocked, id=23299, stack(0x0000700005058000,0x0000700005158000)]
=>0x00007f809e960000 JavaThread "InvokeLaterDispatcher" daemon [_thread_in_native, id=28167, stack(0x000070000515b000,0x000070000525b000)]
  0x00007f809e964000 JavaThread "JavaFX Application Thread" [_thread_in_native, id=259, stack(0x00007ff7b1d62000,0x00007ff7b2562000)]
  0x00007f809d0d7800 JavaThread "JavaFX-Launcher" [_thread_blocked, id=80643, stack(0x0000700005876000,0x0000700005976000)]
  0x00007f809f3ea000 JavaThread "Prism Font Disposer" daemon [_thread_blocked, id=76811, stack(0x00007000059fc000,0x0000700005afc000)]
  0x00007f809f432000 JavaThread "Cleaner-0" daemon [_thread_blocked, id=72711, stack(0x0000700005aff000,0x0000700005bff000)]
  0x00007f809f0ce800 JavaThread "PulseTimer-CVDisplayLink thread" daemon [_thread_in_native, id=87311, stack(0x00007000048c0000,0x0000700004940000)]

Other Threads:
  0x00007f809d830800 VMThread "VM Thread" [stack: 0x0000700004534000,0x0000700004634000] [id=19459]
  0x00007f809f136000 WatcherThread [stack: 0x0000700004f55000,0x0000700005055000] [id=41219]
  0x00007f809d018000 GCTaskThread "GC Thread#0" [stack: 0x0000700004025000,0x0000700004125000] [id=11523]
  0x00007f809e964800 GCTaskThread "GC Thread#1" [stack: 0x000070000525e000,0x000070000535e000] [id=37379]
  0x00007f809e965800 GCTaskThread "GC Thread#2" [stack: 0x0000700005361000,0x0000700005461000] [id=28931]
  0x00007f809e966000 GCTaskThread "GC Thread#3" [stack: 0x0000700005464000,0x0000700005564000] [id=36611]
  0x00007f809d809800 ConcurrentGCThread "G1 Main Marker" [stack: 0x0000700004128000,0x0000700004228000] [id=11779]
  0x00007f809d80e800 ConcurrentGCThread "G1 Conc#0" [stack: 0x000070000422b000,0x000070000432b000] [id=20483]
  0x00007f809f048800 ConcurrentGCThread "G1 Refine#0" [stack: 0x000070000432e000,0x000070000442e000] [id=19971]
  0x00007f809e812000 ConcurrentGCThread "G1 Young RemSet Sampling" [stack: 0x0000700004431000,0x0000700004531000] [id=12803]

Threads with active compile tasks:
C2 CompilerThread0  36169 4150   !   4       javafx.scene.Node::intersectsBounds (1005 bytes)

VM state:not at safepoint (normal execution)

VM Mutex/Monitor currently owned by a thread: None

Heap address: 0x0000000780000000, size: 2048 MB, Compressed Oops mode: Zero based, Oop shift amount: 3
Narrow klass base: 0x0000000800000000, Narrow klass shift: 0
Compressed class space size: 1073741824 Address: 0x0000000800000000

Heap:
 garbage-first heap   total 131072K, used 65234K [0x0000000780000000, 0x0000000800000000)
  region size 1024K, 16 young (16384K), 6 survivors (6144K)
 Metaspace       used 23841K, capacity 24741K, committed 24960K, reserved 1071104K
  class space    used 2998K, capacity 3379K, committed 3456K, reserved 1048576K
Heap Regions: E=young(eden), S=young(survivor), O=old, HS=humongous(starts), HC=humongous(continues), CS=collection set, F=free, A=archive, TAMS=top-at-mark-start (previous, next)
|   0|0x0000000780000000, 0x0000000780100000, 0x0000000780100000|100%|HS|  |TAMS 0x0000000780000000, 0x0000000780000000| Complete 
|   1|0x0000000780100000, 0x0000000780200000, 0x0000000780200000|100%|HC|  |TAMS 0x0000000780100000, 0x0000000780100000| Complete 
|   2|0x0000000780200000, 0x0000000780300000, 0x0000000780300000|100%|HS|  |TAMS 0x0000000780200000, 0x0000000780200000| Complete 
|   3|0x0000000780300000, 0x0000000780400000, 0x0000000780400000|100%|HC|  |TAMS 0x0000000780300000, 0x0000000780300000| Complete 
|   4|0x0000000780400000, 0x0000000780500000, 0x0000000780500000|100%|HS|  |TAMS 0x0000000780400000, 0x0000000780400000| Complete 
|   5|0x0000000780500000, 0x0000000780600000, 0x0000000780600000|100%|HC|  |TAMS 0x0000000780500000, 0x0000000780500000| Complete 
|   6|0x0000000780600000, 0x0000000780700000, 0x0000000780700000|100%|HS|  |TAMS 0x0000000780600000, 0x0000000780600000| Complete 
|   7|0x0000000780700000, 0x0000000780800000, 0x0000000780800000|100%|HC|  |TAMS 0x0000000780700000, 0x0000000780700000| Complete 
|   8|0x0000000780800000, 0x0000000780900000, 0x0000000780900000|100%|HS|  |TAMS 0x0000000780800000, 0x0000000780800000| Complete 
|   9|0x0000000780900000, 0x0000000780a00000, 0x0000000780a00000|100%|HC|  |TAMS 0x0000000780900000, 0x0000000780900000| Complete 
|  10|0x0000000780a00000, 0x0000000780b00000, 0x0000000780b00000|100%|HS|  |TAMS 0x0000000780a00000, 0x0000000780a00000| Complete 
|  11|0x0000000780b00000, 0x0000000780c00000, 0x0000000780c00000|100%|HC|  |TAMS 0x0000000780b00000, 0x0000000780b00000| Complete 
|  12|0x0000000780c00000, 0x0000000780d00000, 0x0000000780d00000|100%|HS|  |TAMS 0x0000000780c00000, 0x0000000780c00000| Complete 
|  13|0x0000000780d00000, 0x0000000780e00000, 0x0000000780e00000|100%|HC|  |TAMS 0x0000000780d00000, 0x0000000780d00000| Complete 
|  14|0x0000000780e00000, 0x0000000780f00000, 0x0000000780f00000|100%|HS|  |TAMS 0x0000000780e00000, 0x0000000780e00000| Complete 
|  15|0x0000000780f00000, 0x0000000781000000, 0x0000000781000000|100%|HC|  |TAMS 0x0000000780f00000, 0x0000000780f00000| Complete 
|  16|0x0000000781000000, 0x0000000781100000, 0x0000000781100000|100%|HS|  |TAMS 0x0000000781000000, 0x0000000781000000| Complete 
|  17|0x0000000781100000, 0x0000000781200000, 0x0000000781200000|100%|HC|  |TAMS 0x0000000781100000, 0x0000000781100000| Complete 
|  18|0x0000000781200000, 0x0000000781300000, 0x0000000781300000|100%|HS|  |TAMS 0x0000000781200000, 0x0000000781200000| Complete 
|  19|0x0000000781300000, 0x0000000781400000, 0x0000000781400000|100%|HC|  |TAMS 0x0000000781300000, 0x0000000781300000| Complete 
|  20|0x0000000781400000, 0x0000000781500000, 0x0000000781500000|100%|HC|  |TAMS 0x0000000781400000, 0x0000000781400000| Complete 
|  21|0x0000000781500000, 0x0000000781600000, 0x0000000781600000|100%|HS|  |TAMS 0x0000000781500000, 0x0000000781500000| Complete 
|  22|0x0000000781600000, 0x0000000781700000, 0x0000000781700000|100%|HC|  |TAMS 0x0000000781600000, 0x0000000781600000| Complete 
|  23|0x0000000781700000, 0x0000000781800000, 0x0000000781800000|100%|HC|  |TAMS 0x0000000781700000, 0x0000000781700000| Complete 
|  24|0x0000000781800000, 0x0000000781900000, 0x0000000781900000|100%|HS|  |TAMS 0x0000000781800000, 0x0000000781800000| Complete 
|  25|0x0000000781900000, 0x0000000781a00000, 0x0000000781a00000|100%|HC|  |TAMS 0x0000000781900000, 0x0000000781900000| Complete 
|  26|0x0000000781a00000, 0x0000000781b00000, 0x0000000781b00000|100%|HC|  |TAMS 0x0000000781a00000, 0x0000000781a00000| Complete 
|  27|0x0000000781b00000, 0x0000000781c00000, 0x0000000781c00000|100%|HS|  |TAMS 0x0000000781b00000, 0x0000000781b00000| Complete 
|  28|0x0000000781c00000, 0x0000000781d00000, 0x0000000781d00000|100%|HC|  |TAMS 0x0000000781c00000, 0x0000000781c00000| Complete 
|  29|0x0000000781d00000, 0x0000000781e00000, 0x0000000781e00000|100%|HC|  |TAMS 0x0000000781d00000, 0x0000000781d00000| Complete 
|  30|0x0000000781e00000, 0x0000000781f00000, 0x0000000781f00000|100%|HS|  |TAMS 0x0000000781e00000, 0x0000000781e00000| Complete 
|  31|0x0000000781f00000, 0x0000000782000000, 0x0000000782000000|100%|HC|  |TAMS 0x0000000781f00000, 0x0000000781f00000| Complete 
|  32|0x0000000782000000, 0x0000000782100000, 0x0000000782100000|100%|HC|  |TAMS 0x0000000782000000, 0x0000000782000000| Complete 
|  33|0x0000000782100000, 0x0000000782200000, 0x0000000782200000|100%|HS|  |TAMS 0x0000000782100000, 0x0000000782100000| Complete 
|  34|0x0000000782200000, 0x0000000782300000, 0x0000000782300000|100%|HC|  |TAMS 0x0000000782200000, 0x0000000782200000| Complete 
|  35|0x0000000782300000, 0x0000000782400000, 0x0000000782400000|100%|HC|  |TAMS 0x0000000782300000, 0x0000000782300000| Complete 
|  36|0x0000000782400000, 0x0000000782500000, 0x0000000782500000|100%|HS|  |TAMS 0x0000000782400000, 0x0000000782400000| Complete 
|  37|0x0000000782500000, 0x0000000782600000, 0x0000000782600000|100%|HC|  |TAMS 0x0000000782500000, 0x0000000782500000| Complete 
|  38|0x0000000782600000, 0x0000000782700000, 0x0000000782700000|100%|HC|  |TAMS 0x0000000782600000, 0x0000000782600000| Complete 
|  39|0x0000000782700000, 0x0000000782800000, 0x0000000782800000|100%|HS|  |TAMS 0x0000000782700000, 0x0000000782700000| Complete 
|  40|0x0000000782800000, 0x0000000782900000, 0x0000000782900000|100%|HC|  |TAMS 0x0000000782800000, 0x0000000782800000| Complete 
|  41|0x0000000782900000, 0x0000000782a00000, 0x0000000782a00000|100%|HC|  |TAMS 0x0000000782900000, 0x0000000782900000| Complete 
|  42|0x0000000782a00000, 0x0000000782a00000, 0x0000000782b00000|  0%| F|  |TAMS 0x0000000782a00000, 0x0000000782a00000| Untracked 
|  43|0x0000000782b00000, 0x0000000782b00000, 0x0000000782c00000|  0%| F|  |TAMS 0x0000000782b00000, 0x0000000782b00000| Untracked 
|  44|0x0000000782c00000, 0x0000000782c00000, 0x0000000782d00000|  0%| F|  |TAMS 0x0000000782c00000, 0x0000000782c00000| Untracked 
|  45|0x0000000782d00000, 0x0000000782d00000, 0x0000000782e00000|  0%| F|  |TAMS 0x0000000782d00000, 0x0000000782d00000| Untracked 
|  46|0x0000000782e00000, 0x0000000782e00000, 0x0000000782f00000|  0%| F|  |TAMS 0x0000000782e00000, 0x0000000782e00000| Untracked 
|  47|0x0000000782f00000, 0x0000000782f00000, 0x0000000783000000|  0%| F|  |TAMS 0x0000000782f00000, 0x0000000782f00000| Untracked 
|  48|0x0000000783000000, 0x0000000783000000, 0x0000000783100000|  0%| F|  |TAMS 0x0000000783000000, 0x0000000783000000| Untracked 
|  49|0x0000000783100000, 0x0000000783100000, 0x0000000783200000|  0%| F|  |TAMS 0x0000000783100000, 0x0000000783100000| Untracked 
|  50|0x0000000783200000, 0x0000000783200000, 0x0000000783300000|  0%| F|  |TAMS 0x0000000783200000, 0x0000000783200000| Untracked 
|  51|0x0000000783300000, 0x0000000783300000, 0x0000000783400000|  0%| F|  |TAMS 0x0000000783300000, 0x0000000783300000| Untracked 
|  52|0x0000000783400000, 0x0000000783400000, 0x0000000783500000|  0%| F|  |TAMS 0x0000000783400000, 0x0000000783400000| Untracked 
|  53|0x0000000783500000, 0x0000000783500000, 0x0000000783600000|  0%| F|  |TAMS 0x0000000783500000, 0x0000000783500000| Untracked 
|  54|0x0000000783600000, 0x0000000783600000, 0x0000000783700000|  0%| F|  |TAMS 0x0000000783600000, 0x0000000783600000| Untracked 
|  55|0x0000000783700000, 0x0000000783700000, 0x0000000783800000|  0%| F|  |TAMS 0x0000000783700000, 0x0000000783700000| Untracked 
|  56|0x0000000783800000, 0x0000000783900000, 0x0000000783900000|100%| O|  |TAMS 0x0000000783900000, 0x0000000783800000| Untracked 
|  57|0x0000000783900000, 0x0000000783a00000, 0x0000000783a00000|100%| O|  |TAMS 0x0000000783a00000, 0x0000000783900000| Untracked 
|  58|0x0000000783a00000, 0x0000000783b00000, 0x0000000783b00000|100%| O|  |TAMS 0x0000000783b00000, 0x0000000783a00000| Untracked 
|  59|0x0000000783b00000, 0x0000000783c00000, 0x0000000783c00000|100%| O|  |TAMS 0x0000000783c00000, 0x0000000783b00000| Untracked 
|  60|0x0000000783c00000, 0x0000000783d00000, 0x0000000783d00000|100%| O|  |TAMS 0x0000000783d00000, 0x0000000783c00000| Untracked 
|  61|0x0000000783d00000, 0x0000000783e00000, 0x0000000783e00000|100%| O|  |TAMS 0x0000000783e00000, 0x0000000783d00000| Untracked 
|  62|0x0000000783e00000, 0x0000000783ec6000, 0x0000000783f00000| 77%| O|  |TAMS 0x0000000783ec6000, 0x0000000783e00000| Untracked 
|  63|0x0000000783f00000, 0x0000000783f00000, 0x0000000784000000|  0%| F|  |TAMS 0x0000000783f00000, 0x0000000783f00000| Untracked 
|  64|0x0000000784000000, 0x0000000784000000, 0x0000000784100000|  0%| F|  |TAMS 0x0000000784000000, 0x0000000784000000| Untracked 
|  65|0x0000000784100000, 0x0000000784100000, 0x0000000784200000|  0%| F|  |TAMS 0x0000000784100000, 0x0000000784100000| Untracked 
|  66|0x0000000784200000, 0x0000000784200000, 0x0000000784300000|  0%| F|  |TAMS 0x0000000784200000, 0x0000000784200000| Untracked 
|  67|0x0000000784300000, 0x0000000784300000, 0x0000000784400000|  0%| F|  |TAMS 0x0000000784300000, 0x0000000784300000| Untracked 
|  68|0x0000000784400000, 0x0000000784400000, 0x0000000784500000|  0%| F|  |TAMS 0x0000000784400000, 0x0000000784400000| Untracked 
|  69|0x0000000784500000, 0x0000000784500000, 0x0000000784600000|  0%| F|  |TAMS 0x0000000784500000, 0x0000000784500000| Untracked 
|  70|0x0000000784600000, 0x0000000784600000, 0x0000000784700000|  0%| F|  |TAMS 0x0000000784600000, 0x0000000784600000| Untracked 
|  71|0x0000000784700000, 0x0000000784700000, 0x0000000784800000|  0%| F|  |TAMS 0x0000000784700000, 0x0000000784700000| Untracked 
|  72|0x0000000784800000, 0x0000000784800000, 0x0000000784900000|  0%| F|  |TAMS 0x0000000784800000, 0x0000000784800000| Untracked 
|  73|0x0000000784900000, 0x0000000784900000, 0x0000000784a00000|  0%| F|  |TAMS 0x0000000784900000, 0x0000000784900000| Untracked 
|  74|0x0000000784a00000, 0x0000000784a00000, 0x0000000784b00000|  0%| F|  |TAMS 0x0000000784a00000, 0x0000000784a00000| Untracked 
|  75|0x0000000784b00000, 0x0000000784b00000, 0x0000000784c00000|  0%| F|  |TAMS 0x0000000784b00000, 0x0000000784b00000| Untracked 
|  76|0x0000000784c00000, 0x0000000784c00000, 0x0000000784d00000|  0%| F|  |TAMS 0x0000000784c00000, 0x0000000784c00000| Untracked 
|  77|0x0000000784d00000, 0x0000000784d00000, 0x0000000784e00000|  0%| F|  |TAMS 0x0000000784d00000, 0x0000000784d00000| Untracked 
|  78|0x0000000784e00000, 0x0000000784e00000, 0x0000000784f00000|  0%| F|  |TAMS 0x0000000784e00000, 0x0000000784e00000| Untracked 
|  79|0x0000000784f00000, 0x0000000784f00000, 0x0000000785000000|  0%| F|  |TAMS 0x0000000784f00000, 0x0000000784f00000| Untracked 
|  80|0x0000000785000000, 0x0000000785000000, 0x0000000785100000|  0%| F|  |TAMS 0x0000000785000000, 0x0000000785000000| Untracked 
|  81|0x0000000785100000, 0x0000000785100000, 0x0000000785200000|  0%| F|  |TAMS 0x0000000785100000, 0x0000000785100000| Untracked 
|  82|0x0000000785200000, 0x0000000785200000, 0x0000000785300000|  0%| F|  |TAMS 0x0000000785200000, 0x0000000785200000| Untracked 
|  83|0x0000000785300000, 0x0000000785300000, 0x0000000785400000|  0%| F|  |TAMS 0x0000000785300000, 0x0000000785300000| Untracked 
|  84|0x0000000785400000, 0x0000000785400000, 0x0000000785500000|  0%| F|  |TAMS 0x0000000785400000, 0x0000000785400000| Untracked 
|  85|0x0000000785500000, 0x0000000785500000, 0x0000000785600000|  0%| F|  |TAMS 0x0000000785500000, 0x0000000785500000| Untracked 
|  86|0x0000000785600000, 0x0000000785600000, 0x0000000785700000|  0%| F|  |TAMS 0x0000000785600000, 0x0000000785600000| Untracked 
|  87|0x0000000785700000, 0x0000000785700000, 0x0000000785800000|  0%| F|  |TAMS 0x0000000785700000, 0x0000000785700000| Untracked 
|  88|0x0000000785800000, 0x0000000785800000, 0x0000000785900000|  0%| F|  |TAMS 0x0000000785800000, 0x0000000785800000| Untracked 
|  89|0x0000000785900000, 0x0000000785900000, 0x0000000785a00000|  0%| F|  |TAMS 0x0000000785900000, 0x0000000785900000| Untracked 
|  90|0x0000000785a00000, 0x0000000785a00000, 0x0000000785b00000|  0%| F|  |TAMS 0x0000000785a00000, 0x0000000785a00000| Untracked 
|  91|0x0000000785b00000, 0x0000000785b00000, 0x0000000785c00000|  0%| F|  |TAMS 0x0000000785b00000, 0x0000000785b00000| Untracked 
|  92|0x0000000785c00000, 0x0000000785c00000, 0x0000000785d00000|  0%| F|  |TAMS 0x0000000785c00000, 0x0000000785c00000| Untracked 
|  93|0x0000000785d00000, 0x0000000785d00000, 0x0000000785e00000|  0%| F|  |TAMS 0x0000000785d00000, 0x0000000785d00000| Untracked 
|  94|0x0000000785e00000, 0x0000000785e00000, 0x0000000785f00000|  0%| F|  |TAMS 0x0000000785e00000, 0x0000000785e00000| Untracked 
|  95|0x0000000785f00000, 0x0000000785f00000, 0x0000000786000000|  0%| F|  |TAMS 0x0000000785f00000, 0x0000000785f00000| Untracked 
|  96|0x0000000786000000, 0x0000000786000000, 0x0000000786100000|  0%| F|  |TAMS 0x0000000786000000, 0x0000000786000000| Untracked 
|  97|0x0000000786100000, 0x0000000786100000, 0x0000000786200000|  0%| F|  |TAMS 0x0000000786100000, 0x0000000786100000| Untracked 
|  98|0x0000000786200000, 0x0000000786200000, 0x0000000786300000|  0%| F|  |TAMS 0x0000000786200000, 0x0000000786200000| Untracked 
|  99|0x0000000786300000, 0x00000007863eea20, 0x0000000786400000| 93%| S|CS|TAMS 0x0000000786300000, 0x0000000786300000| Complete 
| 100|0x0000000786400000, 0x0000000786500000, 0x0000000786500000|100%| S|CS|TAMS 0x0000000786400000, 0x0000000786400000| Complete 
| 101|0x0000000786500000, 0x0000000786600000, 0x0000000786600000|100%| S|CS|TAMS 0x0000000786500000, 0x0000000786500000| Complete 
| 102|0x0000000786600000, 0x0000000786700000, 0x0000000786700000|100%| S|CS|TAMS 0x0000000786600000, 0x0000000786600000| Complete 
| 103|0x0000000786700000, 0x0000000786800000, 0x0000000786800000|100%| S|CS|TAMS 0x0000000786700000, 0x0000000786700000| Complete 
| 104|0x0000000786800000, 0x0000000786900000, 0x0000000786900000|100%| S|CS|TAMS 0x0000000786800000, 0x0000000786800000| Complete 
| 105|0x0000000786900000, 0x0000000786900000, 0x0000000786a00000|  0%| F|  |TAMS 0x0000000786900000, 0x0000000786900000| Untracked 
| 106|0x0000000786a00000, 0x0000000786a00000, 0x0000000786b00000|  0%| F|  |TAMS 0x0000000786a00000, 0x0000000786a00000| Untracked 
| 107|0x0000000786b00000, 0x0000000786b00000, 0x0000000786c00000|  0%| F|  |TAMS 0x0000000786b00000, 0x0000000786b00000| Untracked 
| 108|0x0000000786c00000, 0x0000000786c00000, 0x0000000786d00000|  0%| F|  |TAMS 0x0000000786c00000, 0x0000000786c00000| Untracked 
| 109|0x0000000786d00000, 0x0000000786d00000, 0x0000000786e00000|  0%| F|  |TAMS 0x0000000786d00000, 0x0000000786d00000| Untracked 
| 110|0x0000000786e00000, 0x0000000786e00000, 0x0000000786f00000|  0%| F|  |TAMS 0x0000000786e00000, 0x0000000786e00000| Untracked 
| 111|0x0000000786f00000, 0x0000000786f00000, 0x0000000787000000|  0%| F|  |TAMS 0x0000000786f00000, 0x0000000786f00000| Untracked 
| 112|0x0000000787000000, 0x0000000787000000, 0x0000000787100000|  0%| F|  |TAMS 0x0000000787000000, 0x0000000787000000| Untracked 
| 113|0x0000000787100000, 0x0000000787100000, 0x0000000787200000|  0%| F|  |TAMS 0x0000000787100000, 0x0000000787100000| Untracked 
| 114|0x0000000787200000, 0x0000000787200000, 0x0000000787300000|  0%| F|  |TAMS 0x0000000787200000, 0x0000000787200000| Untracked 
| 115|0x0000000787300000, 0x0000000787300000, 0x0000000787400000|  0%| F|  |TAMS 0x0000000787300000, 0x0000000787300000| Untracked 
| 116|0x0000000787400000, 0x0000000787400000, 0x0000000787500000|  0%| F|  |TAMS 0x0000000787400000, 0x0000000787400000| Untracked 
| 117|0x0000000787500000, 0x0000000787500000, 0x0000000787600000|  0%| F|  |TAMS 0x0000000787500000, 0x0000000787500000| Untracked 
| 118|0x0000000787600000, 0x0000000787680800, 0x0000000787700000| 50%| E|  |TAMS 0x0000000787600000, 0x0000000787600000| Complete 
| 119|0x0000000787700000, 0x0000000787800000, 0x0000000787800000|100%| E|CS|TAMS 0x0000000787700000, 0x0000000787700000| Complete 
| 120|0x0000000787800000, 0x0000000787900000, 0x0000000787900000|100%| E|CS|TAMS 0x0000000787800000, 0x0000000787800000| Complete 
| 121|0x0000000787900000, 0x0000000787a00000, 0x0000000787a00000|100%| E|CS|TAMS 0x0000000787900000, 0x0000000787900000| Complete 
| 122|0x0000000787a00000, 0x0000000787b00000, 0x0000000787b00000|100%| E|CS|TAMS 0x0000000787a00000, 0x0000000787a00000| Complete 
| 123|0x0000000787b00000, 0x0000000787c00000, 0x0000000787c00000|100%| E|CS|TAMS 0x0000000787b00000, 0x0000000787b00000| Complete 
| 124|0x0000000787c00000, 0x0000000787d00000, 0x0000000787d00000|100%| E|CS|TAMS 0x0000000787c00000, 0x0000000787c00000| Complete 
| 125|0x0000000787d00000, 0x0000000787e00000, 0x0000000787e00000|100%| E|CS|TAMS 0x0000000787d00000, 0x0000000787d00000| Complete 
| 126|0x0000000787e00000, 0x0000000787f00000, 0x0000000787f00000|100%| E|CS|TAMS 0x0000000787e00000, 0x0000000787e00000| Complete 
| 127|0x0000000787f00000, 0x0000000788000000, 0x0000000788000000|100%| E|CS|TAMS 0x0000000787f00000, 0x0000000787f00000| Complete 

Card table byte_map: [0x000000010e16d000,0x000000010e56d000] _byte_map_base: 0x000000010a56d000

Marking Bits (Prev, Next): (CMBitMap*) 0x00007f809d030618, (CMBitMap*) 0x00007f809d030650
 Prev Bits: [0x0000000128786000, 0x000000012a786000)
 Next Bits: [0x000000012a786000, 0x000000012c786000)

Polling page: 0x000000010dae0000

Metaspace:

Usage:
  Non-class:     20.86 MB capacity,    20.35 MB ( 98%) used,   417.84 KB (  2%) free+waste,   101.19 KB ( <1%) overhead. 
      Class:      3.30 MB capacity,     2.93 MB ( 89%) used,   329.53 KB ( 10%) free+waste,    51.06 KB (  2%) overhead. 
       Both:     24.16 MB capacity,    23.28 MB ( 96%) used,   747.37 KB (  3%) free+waste,   152.25 KB ( <1%) overhead. 

Virtual space:
  Non-class space:       22.00 MB reserved,      21.00 MB ( 95%) committed 
      Class space:        1.00 GB reserved,       3.38 MB ( <1%) committed 
             Both:        1.02 GB reserved,      24.38 MB (  2%) committed 

Chunk freelists:
   Non-Class:  4.75 KB
       Class:  1.62 KB
        Both:  6.38 KB

CodeHeap 'non-profiled nmethods': size=120032Kb used=1967Kb max_used=1967Kb free=118064Kb
 bounds [0x000000012124e000, 0x00000001214be000, 0x0000000128786000]
CodeHeap 'profiled nmethods': size=120032Kb used=8372Kb max_used=8372Kb free=111659Kb
 bounds [0x0000000119d16000, 0x000000011a546000, 0x000000012124e000]
CodeHeap 'non-nmethods': size=5696Kb used=1351Kb max_used=1383Kb free=4344Kb
 bounds [0x0000000119786000, 0x00000001199f6000, 0x0000000119d16000]
 total_blobs=4925 nmethods=4139 adapters=698
 compilation: enabled
              stopped_count=0, restarted_count=0
 full_count=0

Compilation events (10 events):
Event: 35.685 Thread 0x00007f809f04c000 4144       4       com.sun.javafx.sg.prism.NGText::renderText (523 bytes)
Event: 35.698 Thread 0x00007f809f04c000 nmethod 4144 0x0000000121438f90 code [0x0000000121439140, 0x00000001214395a8]
Event: 35.746 Thread 0x00007f809f04c000 4145       4       javafx.beans.property.DoublePropertyBase::invalidated (1 bytes)
Event: 35.747 Thread 0x00007f809f04c000 nmethod 4145 0x0000000121439990 code [0x0000000121439b20, 0x0000000121439b78]
Event: 35.809 Thread 0x00007f809e85e800 4146       3       javafx.scene.Node$MiscProperties::invalidateBoundsInParent (15 bytes)
Event: 35.811 Thread 0x00007f809e85e800 nmethod 4146 0x000000011a542090 code [0x000000011a542260, 0x000000011a542688]
Event: 35.944 Thread 0x00007f809e85e800 4147       3       com.sun.glass.ui.GestureSupport::setScrolling (9 bytes)
Event: 35.944 Thread 0x00007f809e85e800 nmethod 4147 0x000000011a542790 code [0x000000011a542960, 0x000000011a542ce8]
Event: 35.944 Thread 0x00007f809e85e800 4148       3       com.sun.glass.ui.GestureSupport$GestureState::updateProgress (35 bytes)
Event: 35.945 Thread 0x00007f809e85e800 nmethod 4148 0x000000011a542e10 code [0x000000011a542fc0, 0x000000011a5432c8]

GC Heap History (6 events):
Event: 0.807 GC heap before
{Heap before GC invocations=0 (full 0):
 garbage-first heap   total 131072K, used 14336K [0x0000000780000000, 0x0000000800000000)
  region size 1024K, 14 young (14336K), 0 survivors (0K)
 Metaspace       used 8890K, capacity 9176K, committed 9216K, reserved 1056768K
  class space    used 884K, capacity 1005K, committed 1024K, reserved 1048576K
}
Event: 0.815 GC heap after
{Heap after GC invocations=1 (full 0):
 garbage-first heap   total 131072K, used 1753K [0x0000000780000000, 0x0000000800000000)
  region size 1024K, 2 young (2048K), 2 survivors (2048K)
 Metaspace       used 8890K, capacity 9176K, committed 9216K, reserved 1056768K
  class space    used 884K, capacity 1005K, committed 1024K, reserved 1048576K
}
Event: 26.291 GC heap before
{Heap before GC invocations=1 (full 0):
 garbage-first heap   total 131072K, used 50905K [0x0000000780000000, 0x0000000800000000)
  region size 1024K, 44 young (45056K), 2 survivors (2048K)
 Metaspace       used 20585K, capacity 21217K, committed 21248K, reserved 1067008K
  class space    used 2511K, capacity 2809K, committed 2816K, reserved 1048576K
}
Event: 26.314 GC heap after
{Heap after GC invocations=2 (full 0):
 garbage-first heap   total 131072K, used 15547K [0x0000000780000000, 0x0000000800000000)
  region size 1024K, 8 young (8192K), 8 survivors (8192K)
 Metaspace       used 20585K, capacity 21217K, committed 21248K, reserved 1067008K
  class space    used 2511K, capacity 2809K, committed 2816K, reserved 1048576K
}
Event: 29.939 GC heap before
{Heap before GC invocations=3 (full 0):
 garbage-first heap   total 131072K, used 87227K [0x0000000780000000, 0x0000000800000000)
  region size 1024K, 31 young (31744K), 8 survivors (8192K)
 Metaspace       used 23613K, capacity 24476K, committed 24704K, reserved 1071104K
  class space    used 2998K, capacity 3379K, committed 3456K, reserved 1048576K
}
Event: 29.973 GC heap after
{Heap after GC invocations=4 (full 0):
 garbage-first heap   total 131072K, used 19154K [0x0000000780000000, 0x0000000800000000)
  region size 1024K, 6 young (6144K), 6 survivors (6144K)
 Metaspace       used 23613K, capacity 24476K, committed 24704K, reserved 1071104K
  class space    used 2998K, capacity 3379K, committed 3456K, reserved 1048576K
}

Deoptimization events (10 events):
Event: 26.713 Thread 0x00007f809e964000 Uncommon trap: reason=array_check action=maybe_recompile pc=0x0000000121324598 method=javafx.css.SimpleSelector.applies(Ljavafx/css/Styleable;[Ljava/util/Set;I)Z @ 37 c2
Event: 26.713 Thread 0x00007f809e964000 Uncommon trap: reason=array_check action=maybe_recompile pc=0x0000000121324598 method=javafx.css.SimpleSelector.applies(Ljavafx/css/Styleable;[Ljava/util/Set;I)Z @ 37 c2
Event: 26.713 Thread 0x00007f809e964000 Uncommon trap: reason=array_check action=maybe_recompile pc=0x0000000121324598 method=javafx.css.SimpleSelector.applies(Ljavafx/css/Styleable;[Ljava/util/Set;I)Z @ 37 c2
Event: 26.713 Thread 0x00007f809e964000 Uncommon trap: reason=array_check action=maybe_recompile pc=0x0000000121324598 method=javafx.css.SimpleSelector.applies(Ljavafx/css/Styleable;[Ljava/util/Set;I)Z @ 37 c2
Event: 26.822 Thread 0x00007f809e964000 Uncommon trap: reason=unstable_if action=reinterpret pc=0x000000012130c9d8 method=java.util.WeakHashMap.expungeStaleEntries()V @ 9 c2
Event: 26.823 Thread 0x00007f809e964000 Uncommon trap: reason=unstable_if action=reinterpret pc=0x0000000121326154 method=java.util.HashMap.computeIfAbsent(Ljava/lang/Object;Ljava/util/function/Function;)Ljava/lang/Object; @ 120 c2
Event: 26.917 Thread 0x00007f809e919800 Uncommon trap: reason=unstable_if action=reinterpret pc=0x00000001212ea10c method=com.sun.marlin.MaskMarlinAlphaConsumer.setAndClearRelativeAlphas([I[IIII)V @ 414 c2
Event: 27.401 Thread 0x00007f809e919800 Uncommon trap: reason=unstable_if action=reinterpret pc=0x000000012134afe8 method=com.sun.marlin.Renderer._endRendering(IILcom/sun/marlin/MarlinAlphaConsumer;)V @ 2268 c2
Event: 28.639 Thread 0x00007f809e919800 Uncommon trap: reason=unstable_if action=reinterpret pc=0x0000000121385f90 method=com.sun.javafx.geom.transform.AffineBase.updateState2D()V @ 51 c2
Event: 32.494 Thread 0x00007f809e964000 Uncommon trap: reason=unstable_if action=reinterpret pc=0x00000001213c7a18 method=javafx.scene.Node.intersectsBounds(Lcom/sun/javafx/geom/PickRay;)D @ 902 c2

Classes redefined (0 events):
No events

Internal exceptions (10 events):
Event: 12.622 Thread 0x00007f809e964000 Exception <a 'java/io/FileNotFoundException'{0x00000007857029c0}> (0x00000007857029c0) thrown at [./open/src/hotspot/share/prims/jni.cpp, line 611]
Event: 12.770 Thread 0x00007f809e964000 Exception <a 'java/io/FileNotFoundException'{0x000000078579c300}> (0x000000078579c300) thrown at [./open/src/hotspot/share/prims/jni.cpp, line 611]
Event: 12.795 Thread 0x00007f809e964000 Exception <a 'java/lang/NoSuchMethodError'{0x00000007857f9bf0}: java.lang.invoke.DirectMethodHandle$Holder.invokeSpecial(Ljava/lang/Object;Ljava/lang/Object;Ljava/lang/Object;Ljava/lang/Object;Ljava/lang/Object;Ljava/lang/Object;)V> (0x00000007857f9bf0) t
Event: 26.381 Thread 0x00007f809e964000 Exception <a 'java/lang/NoSuchMethodError'{0x0000000787d375c0}: java.lang.invoke.DirectMethodHandle$Holder.invokeSpecial(Ljava/lang/Object;Ljava/lang/Object;Ljava/lang/Object;Ljava/lang/Object;Ljava/lang/Object;Ljava/lang/Object;Ljava/lang/Object;Ljava/la
Event: 26.382 Thread 0x00007f809e964000 Exception <a 'java/lang/NoSuchMethodError'{0x0000000787d3b798}: java.lang.invoke.Invokers$Holder.linkToTargetMethod(Ljava/lang/Object;Ljava/lang/Object;Ljava/lang/Object;Ljava/lang/Object;Ljava/lang/Object;Ljava/lang/Object;Ljava/lang/Object;Ljava/lang/Ob
Event: 26.391 Thread 0x00007f809e964000 Exception <a 'java/io/FileNotFoundException'{0x0000000787d5fd18}> (0x0000000787d5fd18) thrown at [./open/src/hotspot/share/prims/jni.cpp, line 611]
Event: 26.487 Thread 0x00007f809e964000 Exception <a 'java/lang/ClassNotFoundException'{0x0000000787ac5408}: com/sun/javafx/scene/control/skin/resources/controls> (0x0000000787ac5408) thrown at [./open/src/hotspot/share/prims/jni.cpp, line 632]
Event: 26.488 Thread 0x00007f809e964000 Exception <a 'java/lang/ClassNotFoundException'{0x0000000787ad36c0}: com/sun/javafx/scene/control/skin/resources/controls_en> (0x0000000787ad36c0) thrown at [./open/src/hotspot/share/prims/jni.cpp, line 632]
Event: 26.489 Thread 0x00007f809e964000 Exception <a 'java/lang/ClassNotFoundException'{0x0000000787ad5990}: com/sun/javafx/scene/control/skin/resources/controls_en_US> (0x0000000787ad5990) thrown at [./open/src/hotspot/share/prims/jni.cpp, line 632]
Event: 27.915 Thread 0x00007f809e964000 Exception <a 'java/lang/NoSuchMethodError'{0x0000000786b0f8c8}: java.lang.invoke.DirectMethodHandle$Holder.invokeStatic(Ljava/lang/Object;Ljava/lang/Object;ILjava/lang/Object;DDDDDDIIIIIIII)Ljava/lang/Object;> (0x0000000786b0f8c8) thrown at [./open/src/ho

Events (10 events):
Event: 28.781 Thread 0x00007f809e919800 DEOPT UNPACKING pc=0x00000001197ae7ba sp=0x0000700005153270 mode 0
Event: 29.939 Executing VM operation: G1CollectForAllocation
Event: 29.973 Executing VM operation: G1CollectForAllocation done
Event: 30.009 Executing VM operation: CGC_Operation
Event: 30.014 Executing VM operation: CGC_Operation done
Event: 30.031 Executing VM operation: CGC_Operation
Event: 30.031 Executing VM operation: CGC_Operation done
Event: 32.494 Thread 0x00007f809e964000 Uncommon trap: trap_request=0xffffff4d fr.pc=0x00000001213c7a18 relative=0x0000000000000558
Event: 32.494 Thread 0x00007f809e964000 DEOPT PACKING pc=0x00000001213c7a18 sp=0x00007ff7b255b710
Event: 32.494 Thread 0x00007f809e964000 DEOPT UNPACKING pc=0x00000001197ae9a5 sp=0x00007ff7b255b5e8 mode 2


Dynamic libraries:
0x000000010dac1000 	/Library/Java/JavaVirtualMachines/jdk-11.0.8.jdk/Contents/Home/lib/jli/libjli.dylib
0x00007ff835f8e000 	/System/Library/Frameworks/Cocoa.framework/Versions/A/Cocoa
0x00007ff821bf7000 	/System/Library/Frameworks/AppKit.framework/Versions/C/AppKit
0x00007ff82510a000 	/System/Library/Frameworks/CoreData.framework/Versions/A/CoreData
0x00007ff81fffb000 	/System/Library/Frameworks/Foundation.framework/Versions/C/Foundation
0x00007ff829f23000 	/usr/lib/libSystem.B.dylib
0x00007ff822a86000 	/System/Library/PrivateFrameworks/UIFoundation.framework/Versions/A/UIFoundation
0x00007ff82fe92000 	/System/Library/PrivateFrameworks/RemoteViewServices.framework/Versions/A/RemoteViewServices
0x00007ff828178000 	/System/Library/PrivateFrameworks/XCTTargetBootstrap.framework/Versions/A/XCTTargetBootstrap
0x00007ff82bd2a000 	/System/Library/PrivateFrameworks/InternationalSupport.framework/Versions/A/InternationalSupport
0x00007ff82bdb4000 	/System/Library/PrivateFrameworks/UserActivity.framework/Versions/A/UserActivity
0x00007ff82b10a000 	/usr/lib/libspindump.dylib
0x00007ff822d14000 	/System/Library/Frameworks/UniformTypeIdentifiers.framework/Versions/A/UniformTypeIdentifiers
0x00007ff8268a0000 	/usr/lib/libapp_launch_measurement.dylib
0x00007ff825adb000 	/System/Library/PrivateFrameworks/CoreAnalytics.framework/Versions/A/CoreAnalytics
0x00007ff8268a3000 	/System/Library/PrivateFrameworks/CoreAutoLayout.framework/Versions/A/CoreAutoLayout
0x00007ff827ad2000 	/System/Library/Frameworks/Metal.framework/Versions/A/Metal
0x00007ff8287fd000 	/usr/lib/liblangid.dylib
0x00007ff82817d000 	/System/Library/PrivateFrameworks/CoreSVG.framework/Versions/A/CoreSVG
0x00007ff8240ff000 	/System/Library/PrivateFrameworks/SkyLight.framework/Versions/A/SkyLight
0x00007ff82449d000 	/System/Library/Frameworks/CoreGraphics.framework/Versions/A/CoreGraphics
0x00007ff830552000 	/System/Library/Frameworks/Accelerate.framework/Versions/A/Accelerate
0x00007ff82ab89000 	/System/Library/PrivateFrameworks/IconServices.framework/Versions/A/IconServices
0x00007ff827ab7000 	/System/Library/Frameworks/IOSurface.framework/Versions/A/IOSurface
0x00007ff825b09000 	/usr/lib/libDiagnosticMessagesClient.dylib
0x00007ff829e43000 	/usr/lib/libz.1.dylib
0x00007ff833c32000 	/System/Library/Frameworks/ApplicationServices.framework/Versions/A/ApplicationServices
0x00007ff828164000 	/System/Library/PrivateFrameworks/DFRFoundation.framework/Versions/A/DFRFoundation
0x00007ff8214df000 	/usr/lib/libicucore.A.dylib
0x00007ff82cb1f000 	/System/Library/Frameworks/AudioToolbox.framework/Versions/A/AudioToolbox
0x00007ff82bd36000 	/System/Library/PrivateFrameworks/DataDetectorsCore.framework/Versions/A/DataDetectorsCore
0x00007ff92821d000 	/System/Library/PrivateFrameworks/TextInput.framework/Versions/A/TextInput
0x00007ff824082000 	/usr/lib/libMobileGestalt.dylib
0x00007ff827e70000 	/System/Library/Frameworks/Carbon.framework/Versions/A/Frameworks/HIToolbox.framework/Versions/A/HIToolbox
0x00007ff8262a6000 	/System/Library/Frameworks/QuartzCore.framework/Versions/A/QuartzCore
0x00007ff821184000 	/System/Library/Frameworks/Security.framework/Versions/A/Security
0x00007ff82feca000 	/System/Library/Frameworks/Carbon.framework/Versions/A/Frameworks/SpeechRecognition.framework/Versions/A/SpeechRecognition
0x00007ff826600000 	/System/Library/PrivateFrameworks/CoreUI.framework/Versions/A/CoreUI
0x00007ff820a4f000 	/System/Library/Frameworks/CoreAudio.framework/Versions/A/CoreAudio
0x00007ff825bf8000 	/System/Library/Frameworks/DiskArbitration.framework/Versions/A/DiskArbitration
0x00007ff82b4f8000 	/System/Library/PrivateFrameworks/MultitouchSupport.framework/Versions/A/MultitouchSupport
0x00007ff824081000 	/usr/lib/libenergytrace.dylib
0x00007ff821ae3000 	/System/Library/Frameworks/IOKit.framework/Versions/A/IOKit
0x00007ff8302ba000 	/System/Library/Frameworks/CoreServices.framework/Versions/A/CoreServices
0x00007ff82683a000 	/System/Library/PrivateFrameworks/PerformanceAnalysis.framework/Versions/A/PerformanceAnalysis
0x00007ffa37f02000 	/System/Library/Frameworks/OpenGL.framework/Versions/A/OpenGL
0x00007ff82945f000 	/System/Library/PrivateFrameworks/MobileKeyBag.framework/Versions/A/MobileKeyBag
0x00007ff81efbf000 	/usr/lib/libobjc.A.dylib
0x00007ff824b69000 	/System/Library/Frameworks/ColorSync.framework/Versions/A/ColorSync
0x00007ff81f179000 	/System/Library/Frameworks/CoreFoundation.framework/Versions/A/CoreFoundation
0x00007ff8283f3000 	/System/Library/Frameworks/CoreImage.framework/Versions/A/CoreImage
0x00007ff820863000 	/System/Library/Frameworks/CoreText.framework/Versions/A/CoreText
0x00007ff8281ad000 	/System/Library/Frameworks/ImageIO.framework/Versions/A/ImageIO
0x00007ff829f29000 	/System/Library/PrivateFrameworks/SoftLinking.framework/Versions/A/SoftLinking
0x00007ff8268eb000 	/usr/lib/libxml2.2.dylib
0x00007ff81f085000 	/usr/lib/libc++.1.dylib
0x00007ff82a1ad000 	/usr/lib/libcompression.dylib
0x00007ff82bc5d000 	/System/Library/PrivateFrameworks/TextureIO.framework/Versions/A/TextureIO
0x00007ff82a89b000 	/usr/lib/libate.dylib
0x00007ff829f1e000 	/usr/lib/system/libcache.dylib
0x00007ff829eda000 	/usr/lib/system/libcommonCrypto.dylib
0x00007ff829f03000 	/usr/lib/system/libcompiler_rt.dylib
0x00007ff829ef9000 	/usr/lib/system/libcopyfile.dylib
0x00007ff81eeba000 	/usr/lib/system/libcorecrypto.dylib
0x00007ff81ef78000 	/usr/lib/system/libdispatch.dylib
0x00007ff81f138000 	/usr/lib/system/libdyld.dylib
0x00007ff829f15000 	/usr/lib/system/libkeymgr.dylib
0x00007ff829eb8000 	/usr/lib/system/libmacho.dylib
0x00007ff829539000 	/usr/lib/system/libquarantine.dylib
0x00007ff829f13000 	/usr/lib/system/libremovefile.dylib
0x00007ff8240cf000 	/usr/lib/system/libsystem_asl.dylib
0x00007ff81ee63000 	/usr/lib/system/libsystem_blocks.dylib
0x00007ff81effc000 	/usr/lib/system/libsystem_c.dylib
0x00007ff829f0b000 	/usr/lib/system/libsystem_collections.dylib
0x00007ff8287ed000 	/usr/lib/system/libsystem_configuration.dylib
0x00007ff827a9a000 	/usr/lib/system/libsystem_containermanager.dylib
0x00007ff829bf0000 	/usr/lib/system/libsystem_coreservices.dylib
0x00007ff821773000 	/usr/lib/system/libsystem_darwin.dylib
0x00007ff829f16000 	/usr/lib/system/libsystem_dnssd.dylib
0x00007ff81eff9000 	/usr/lib/system/libsystem_featureflags.dylib
0x00007ff81f14e000 	/usr/lib/system/libsystem_info.dylib
0x00007ff829e56000 	/usr/lib/system/libsystem_m.dylib
0x00007ff81ef4c000 	/usr/lib/system/libsystem_malloc.dylib
0x00007ff82406a000 	/usr/lib/system/libsystem_networkextension.dylib
0x00007ff821b99000 	/usr/lib/system/libsystem_notify.dylib
0x00007ff83018f000 	/usr/lib/system/libsystem_product_info_filter.dylib
0x00007ff8287f1000 	/usr/lib/system/libsystem_sandbox.dylib
0x00007ff829f10000 	/usr/lib/system/libsystem_secinit.dylib
0x00007ff81f0f4000 	/usr/lib/system/libsystem_kernel.dylib
0x00007ff81f144000 	/usr/lib/system/libsystem_platform.dylib
0x00007ff81f12c000 	/usr/lib/system/libsystem_pthread.dylib
0x00007ff82591b000 	/usr/lib/system/libsystem_symptoms.dylib
0x00007ff81eea1000 	/usr/lib/system/libsystem_trace.dylib
0x00007ff829ee6000 	/usr/lib/system/libunwind.dylib
0x00007ff81ee65000 	/usr/lib/system/libxpc.dylib
0x00007ff81f0de000 	/usr/lib/libc++abi.dylib
0x00007ff829ef1000 	/usr/lib/liboah.dylib
0x00007ff82a677000 	/usr/lib/liblzma.5.dylib
0x00007ff81fd0a000 	/System/Library/Frameworks/SystemConfiguration.framework/Versions/A/SystemConfiguration
0x00007ff829f25000 	/usr/lib/libfakelink.dylib
0x00007ff823bdb000 	/System/Library/Frameworks/CFNetwork.framework/Versions/A/CFNetwork
0x00007ff82a066000 	/usr/lib/libarchive.2.dylib
0x00007ff8287f9000 	/System/Library/PrivateFrameworks/AppleSystemInfo.framework/Versions/A/AppleSystemInfo
0x00007ff829560000 	/usr/lib/libbsm.0.dylib
0x00007ff8231ea000 	/usr/lib/libnetwork.dylib
0x00007ff829ebe000 	/usr/lib/system/libkxld.dylib
0x00007ff829193000 	/System/Library/PrivateFrameworks/IOMobileFramebuffer.framework/Versions/A/IOMobileFramebuffer
0x00007ffb372d6000 	/usr/lib/libCoreEntitlements.dylib
0x00007ff829bd2000 	/System/Library/PrivateFrameworks/AppleFSCompression.framework/Versions/A/AppleFSCompression
0x00007ff829548000 	/usr/lib/libcoretls.dylib
0x00007ff82a691000 	/usr/lib/libcoretls_cfhelpers.dylib
0x00007ff82a1a8000 	/usr/lib/libpam.2.dylib
0x00007ff82553b000 	/usr/lib/libsqlite3.dylib
0x00007ff82a700000 	/usr/lib/libxar.1.dylib
0x00007ff829be2000 	/usr/lib/libbz2.1.0.dylib
0x00007ff829f2a000 	/usr/lib/libpcap.A.dylib
0x00007ff825913000 	/usr/lib/libdns_services.dylib
0x00007ff82a178000 	/usr/lib/libapple_nghttp2.dylib
0x00007ff829f64000 	/usr/lib/libiconv.2.dylib
0x00007ff829eb7000 	/usr/lib/libcharset.1.dylib
0x00007ff82686e000 	/System/Library/Frameworks/CoreServices.framework/Versions/A/Frameworks/FSEvents.framework/Versions/A/FSEvents
0x00007ff82177d000 	/System/Library/Frameworks/CoreServices.framework/Versions/A/Frameworks/CarbonCore.framework/Versions/A/CarbonCore
0x00007ff825b5c000 	/System/Library/Frameworks/CoreServices.framework/Versions/A/Frameworks/Metadata.framework/Versions/A/Metadata
0x00007ff829bf5000 	/System/Library/Frameworks/CoreServices.framework/Versions/A/Frameworks/OSServices.framework/Versions/A/OSServices
0x00007ff82a0ed000 	/System/Library/Frameworks/CoreServices.framework/Versions/A/Frameworks/SearchKit.framework/Versions/A/SearchKit
0x00007ff8258a6000 	/System/Library/Frameworks/CoreServices.framework/Versions/A/Frameworks/AE.framework/Versions/A/AE
0x00007ff81f67c000 	/System/Library/Frameworks/CoreServices.framework/Versions/A/Frameworks/LaunchServices.framework/Versions/A/LaunchServices
0x00007ff82a628000 	/System/Library/Frameworks/CoreServices.framework/Versions/A/Frameworks/DictionaryServices.framework/Versions/A/DictionaryServices
0x00007ff82687b000 	/System/Library/Frameworks/CoreServices.framework/Versions/A/Frameworks/SharedFileList.framework/Versions/A/SharedFileList
0x00007ff82953c000 	/usr/lib/libCheckFix.dylib
0x00007ff8240e6000 	/System/Library/PrivateFrameworks/TCC.framework/Versions/A/TCC
0x00007ff8287ff000 	/System/Library/PrivateFrameworks/CoreNLP.framework/Versions/A/CoreNLP
0x00007ff825b0c000 	/System/Library/PrivateFrameworks/MetadataUtilities.framework/Versions/A/MetadataUtilities
0x00007ff81fdbe000 	/usr/lib/libmecabra.dylib
0x00007ff829570000 	/usr/lib/libmecab.dylib
0x00007ff81fd89000 	/usr/lib/libCRFSuite.dylib
0x00007ff8295ca000 	/usr/lib/libgermantok.dylib
0x00007ff82a153000 	/usr/lib/libThaiTokenizer.dylib
0x00007ff825bff000 	/System/Library/Frameworks/Accelerate.framework/Versions/A/Frameworks/vImage.framework/Versions/A/vImage
0x00007ff830291000 	/System/Library/Frameworks/Accelerate.framework/Versions/A/Frameworks/vecLib.framework/Versions/A/vecLib
0x00007ff82a741000 	/System/Library/Frameworks/Accelerate.framework/Versions/A/Frameworks/vecLib.framework/Versions/A/libvMisc.dylib
0x00007ff828fbe000 	/System/Library/Frameworks/Accelerate.framework/Versions/A/Frameworks/vecLib.framework/Versions/A/libvDSP.dylib
0x00007ff81f9fa000 	/System/Library/Frameworks/Accelerate.framework/Versions/A/Frameworks/vecLib.framework/Versions/A/libBLAS.dylib
0x00007ff82a28a000 	/System/Library/Frameworks/Accelerate.framework/Versions/A/Frameworks/vecLib.framework/Versions/A/libLAPACK.dylib
0x00007ff8295cd000 	/System/Library/Frameworks/Accelerate.framework/Versions/A/Frameworks/vecLib.framework/Versions/A/libLinearAlgebra.dylib
0x00007ff82a190000 	/System/Library/Frameworks/Accelerate.framework/Versions/A/Frameworks/vecLib.framework/Versions/A/libSparseBLAS.dylib
0x00007ff82a284000 	/System/Library/Frameworks/Accelerate.framework/Versions/A/Frameworks/vecLib.framework/Versions/A/libQuadrature.dylib
0x00007ff8288ea000 	/System/Library/Frameworks/Accelerate.framework/Versions/A/Frameworks/vecLib.framework/Versions/A/libBNNS.dylib
0x00007ff81fc94000 	/System/Library/Frameworks/Accelerate.framework/Versions/A/Frameworks/vecLib.framework/Versions/A/libSparse.dylib
0x00007ff8288e3000 	/System/Library/PrivateFrameworks/LinguisticData.framework/Versions/A/LinguisticData
0x00007ff81fc4a000 	/System/Library/PrivateFrameworks/Lexicon.framework/Versions/A/Lexicon
0x00007ff82a73a000 	/usr/lib/libChineseTokenizer.dylib
0x00007ff8203b8000 	/System/Library/PrivateFrameworks/LanguageModeling.framework/Versions/A/LanguageModeling
0x00007ff82a155000 	/System/Library/PrivateFrameworks/AppleSauce.framework/Versions/A/AppleSauce
0x00007ff829181000 	/System/Library/PrivateFrameworks/CoreEmoji.framework/Versions/A/CoreEmoji
0x00007ff82a055000 	/usr/lib/libcmph.dylib
0x00007ff826852000 	/System/Library/Frameworks/OpenDirectory.framework/Versions/A/Frameworks/CFOpenDirectory.framework/Versions/A/CFOpenDirectory
0x00007ff826846000 	/System/Library/Frameworks/OpenDirectory.framework/Versions/A/OpenDirectory
0x00007ff82a693000 	/System/Library/PrivateFrameworks/APFS.framework/Versions/A/APFS
0x00007ff829497000 	/System/Library/Frameworks/SecurityFoundation.framework/Versions/A/SecurityFoundation
0x00007ff82a70e000 	/usr/lib/libutil.dylib
0x00007ff821aa7000 	/System/Library/PrivateFrameworks/CoreServicesStore.framework/Versions/A/CoreServicesStore
0x00007ff82a712000 	/usr/lib/libxslt.1.dylib
0x00007ff829524000 	/System/Library/PrivateFrameworks/BackgroundTaskManagement.framework/Versions/A/BackgroundTaskManagement
0x00007ff82bb7d000 	/System/Library/Frameworks/ImageIO.framework/Versions/A/Resources/libRadiance.dylib
0x00007ff82bb86000 	/System/Library/Frameworks/ImageIO.framework/Versions/A/Resources/libJPEG.dylib
0x00007ff82bad7000 	/System/Library/Frameworks/ImageIO.framework/Versions/A/Resources/libPng.dylib
0x00007ff82baf8000 	/System/Library/Frameworks/ImageIO.framework/Versions/A/Resources/libTIFF.dylib
0x00007ff82bbe6000 	/System/Library/Frameworks/ImageIO.framework/Versions/A/Resources/libGIF.dylib
0x00007ff82b412000 	/System/Library/Frameworks/ImageIO.framework/Versions/A/Resources/libJP2.dylib
0x00007ff82ab50000 	/usr/lib/libexpat.1.dylib
0x00007ff82b3c7000 	/System/Library/PrivateFrameworks/AppleJPEG.framework/Versions/A/AppleJPEG
0x00007ff827d34000 	/System/Library/PrivateFrameworks/FontServices.framework/libFontParser.dylib
0x00007ff825850000 	/System/Library/PrivateFrameworks/RunningBoardServices.framework/Versions/A/RunningBoardServices
0x00007ff836549000 	/System/Library/PrivateFrameworks/IOSurfaceAccelerator.framework/Versions/A/IOSurfaceAccelerator
0x00007ff82b4f4000 	/System/Library/PrivateFrameworks/WatchdogClient.framework/Versions/A/WatchdogClient
0x00007ff8204a6000 	/System/Library/Frameworks/CoreDisplay.framework/Versions/A/CoreDisplay
0x00007ff827c32000 	/System/Library/Frameworks/CoreMedia.framework/Versions/A/CoreMedia
0x00007ff827ac9000 	/System/Library/PrivateFrameworks/IOAccelerator.framework/Versions/A/IOAccelerator
0x00007ff8269cf000 	/System/Library/Frameworks/CoreVideo.framework/Versions/A/CoreVideo
0x00007ff82a1a6000 	/System/Library/Frameworks/MetalPerformanceShaders.framework/Versions/A/MetalPerformanceShaders
0x00007ff82b531000 	/System/Library/Frameworks/VideoToolbox.framework/Versions/A/VideoToolbox
0x00007ff82579a000 	/System/Library/PrivateFrameworks/BaseBoard.framework/Versions/A/BaseBoard
0x00007ff825521000 	/System/Library/PrivateFrameworks/ProtocolBuffer.framework/Versions/A/ProtocolBuffer
0x00007ff82bb76000 	/System/Library/PrivateFrameworks/GPUWrangler.framework/Versions/A/GPUWrangler
0x00007ff82bb5a000 	/System/Library/PrivateFrameworks/IOPresentment.framework/Versions/A/IOPresentment
0x00007ff82bb80000 	/System/Library/PrivateFrameworks/DSExternalDisplay.framework/Versions/A/DSExternalDisplay
0x00007ffa37ef6000 	/System/Library/Frameworks/OpenGL.framework/Versions/A/Libraries/libCoreFSCache.dylib
0x00007ffb249fa000 	/System/Library/PrivateFrameworks/GPUCompiler.framework/Versions/31001/Libraries/libGPUCompilerUtils.dylib
0x00007ff82bbeb000 	/System/Library/PrivateFrameworks/CMCaptureCore.framework/Versions/A/CMCaptureCore
0x00007ff82b0f8000 	/System/Library/PrivateFrameworks/AppServerSupport.framework/Versions/A/AppServerSupport
0x00007ff82d3b7000 	/System/Library/PrivateFrameworks/perfdata.framework/Versions/A/perfdata
0x00007ff8205d2000 	/System/Library/PrivateFrameworks/AudioToolboxCore.framework/Versions/A/AudioToolboxCore
0x00007ff827c10000 	/System/Library/PrivateFrameworks/caulk.framework/Versions/A/caulk
0x00007ff82ccc9000 	/usr/lib/libAudioStatistics.dylib
0x00007ff9249c0000 	/System/Library/PrivateFrameworks/SystemPolicy.framework/Versions/A/SystemPolicy
0x00007ff82cf24000 	/usr/lib/libSMC.dylib
0x00007ff835e41000 	/System/Library/Frameworks/CoreMIDI.framework/Versions/A/CoreMIDI
0x00007ff82baa6000 	/usr/lib/libAudioToolboxUtility.dylib
0x00007ff920bf5000 	/System/Library/PrivateFrameworks/OSAServicesClient.framework/Versions/A/OSAServicesClient
0x00007ff82d3c4000 	/usr/lib/libperfcheck.dylib
0x00007ff92546a000 	/usr/lib/libmis.dylib
0x00007ffa37f51000 	/System/Library/Frameworks/OpenGL.framework/Versions/A/Libraries/libGLU.dylib
0x00007ffa37f15000 	/System/Library/Frameworks/OpenGL.framework/Versions/A/Libraries/libGFXShared.dylib
0x00007ffa3811e000 	/System/Library/Frameworks/OpenGL.framework/Versions/A/Libraries/libGL.dylib
0x00007ffa37f1e000 	/System/Library/Frameworks/OpenGL.framework/Versions/A/Libraries/libGLImage.dylib
0x00007ffa37f12000 	/System/Library/Frameworks/OpenGL.framework/Versions/A/Libraries/libCVMSPluginSupport.dylib
0x00007ffa37efd000 	/System/Library/Frameworks/OpenGL.framework/Versions/A/Libraries/libCoreVMClient.dylib
0x00007ff82877b000 	/System/Library/Frameworks/MetalPerformanceShaders.framework/Versions/A/Frameworks/MPSCore.framework/Versions/A/MPSCore
0x00007ff829b3d000 	/System/Library/Frameworks/MetalPerformanceShaders.framework/Versions/A/Frameworks/MPSImage.framework/Versions/A/MPSImage
0x00007ff8295e3000 	/System/Library/Frameworks/MetalPerformanceShaders.framework/Versions/A/Frameworks/MPSNeuralNetwork.framework/Versions/A/MPSNeuralNetwork
0x00007ff829a57000 	/System/Library/Frameworks/MetalPerformanceShaders.framework/Versions/A/Frameworks/MPSMatrix.framework/Versions/A/MPSMatrix
0x00007ff829812000 	/System/Library/Frameworks/MetalPerformanceShaders.framework/Versions/A/Frameworks/MPSRayIntersector.framework/Versions/A/MPSRayIntersector
0x00007ff829a8f000 	/System/Library/Frameworks/MetalPerformanceShaders.framework/Versions/A/Frameworks/MPSNDArray.framework/Versions/A/MPSNDArray
0x00007ffa3d118000 	/System/Library/Frameworks/MetalPerformanceShaders.framework/Versions/A/Frameworks/MPSFunctions.framework/Versions/A/MPSFunctions
0x00007ff81f8d3000 	/System/Library/PrivateFrameworks/MetalTools.framework/Versions/A/MetalTools
0x00007ff8287f7000 	/System/Library/PrivateFrameworks/AggregateDictionary.framework/Versions/A/AggregateDictionary
0x00007ff82a932000 	/usr/lib/libIOReport.dylib
0x00007ffa3952d000 	/System/Library/Frameworks/OpenCL.framework/Versions/A/OpenCL
0x00007ff82ac96000 	/System/Library/PrivateFrameworks/FaceCore.framework/Versions/A/FaceCore
0x00007ff82ac87000 	/System/Library/PrivateFrameworks/GraphVisualizer.framework/Versions/A/GraphVisualizer
0x00007ffb24905000 	/System/Library/PrivateFrameworks/FontServices.framework/Versions/A/FontServices
0x00007ff82b0b0000 	/System/Library/PrivateFrameworks/OTSVG.framework/Versions/A/OTSVG
0x00007ff8265b6000 	/System/Library/Frameworks/ApplicationServices.framework/Versions/A/Frameworks/ATS.framework/Versions/A/Resources/libFontRegistry.dylib
0x00007ff82b100000 	/System/Library/PrivateFrameworks/FontServices.framework/libhvf.dylib
0x00007ffb24906000 	/System/Library/PrivateFrameworks/FontServices.framework/libXTFontStaticRegistryData.dylib
0x00007ff82ab00000 	/System/Library/PrivateFrameworks/AppleVA.framework/Versions/A/AppleVA
0x00007ff82cce9000 	/System/Library/Frameworks/ApplicationServices.framework/Versions/A/Frameworks/ATS.framework/Versions/A/ATS
0x00007ff824c67000 	/System/Library/Frameworks/ApplicationServices.framework/Versions/A/Frameworks/HIServices.framework/Versions/A/HIServices
0x00007ff82bbf5000 	/System/Library/Frameworks/ApplicationServices.framework/Versions/A/Frameworks/PrintCore.framework/Versions/A/PrintCore
0x00007ff82d077000 	/System/Library/Frameworks/ApplicationServices.framework/Versions/A/Frameworks/QD.framework/Versions/A/QD
0x00007ff82d06f000 	/System/Library/Frameworks/ApplicationServices.framework/Versions/A/Frameworks/ColorSyncLegacy.framework/Versions/A/ColorSyncLegacy
0x00007ff82ccd9000 	/System/Library/Frameworks/ApplicationServices.framework/Versions/A/Frameworks/SpeechSynthesis.framework/Versions/A/SpeechSynthesis
0x00007ff82bbb6000 	/System/Library/Frameworks/ApplicationServices.framework/Versions/A/Frameworks/ATSUI.framework/Versions/A/ATSUI
0x00007ff82d004000 	/usr/lib/libcups.2.dylib
0x00007ff82d3d3000 	/System/Library/Frameworks/Kerberos.framework/Versions/A/Kerberos
0x00007ff82d3e2000 	/System/Library/Frameworks/GSS.framework/Versions/A/GSS
0x00007ff82cd55000 	/usr/lib/libresolv.9.dylib
0x00007ff82b10f000 	/System/Library/PrivateFrameworks/Heimdal.framework/Versions/A/Heimdal
0x00007ff833fc4000 	/System/Library/Frameworks/Kerberos.framework/Versions/A/Libraries/libHeimdalProxy.dylib
0x00007ff825923000 	/System/Library/Frameworks/Network.framework/Versions/A/Network
0x00007ff82ab6a000 	/usr/lib/libheimdal-asn1.dylib
0x00007ff82d42d000 	/System/Library/PrivateFrameworks/CommonAuth.framework/Versions/A/CommonAuth
0x00007ff82cc5b000 	/System/Library/PrivateFrameworks/AudioSession.framework/Versions/A/AudioSession
0x00007ff82abfa000 	/System/Library/PrivateFrameworks/MediaExperience.framework/Versions/A/MediaExperience
0x00007ff82caee000 	/System/Library/PrivateFrameworks/AudioSession.framework/libSessionUtility.dylib
0x00007ff82d083000 	/System/Library/PrivateFrameworks/AudioResourceArbitration.framework/Versions/A/AudioResourceArbitration
0x00007ff831104000 	/System/Library/PrivateFrameworks/PowerLog.framework/Versions/A/PowerLog
0x00007ff82ab73000 	/System/Library/PrivateFrameworks/IconFoundation.framework/Versions/A/IconFoundation
0x00007ff82feba000 	/System/Library/PrivateFrameworks/SpeechRecognitionCore.framework/Versions/A/SpeechRecognitionCore
0x000000010e858000 	/Library/Java/JavaVirtualMachines/jdk-11.0.8.jdk/Contents/Home/lib/server/libjvm.dylib
0x000000010daef000 	/Library/Java/JavaVirtualMachines/jdk-11.0.8.jdk/Contents/Home/lib/libverify.dylib
0x000000010db2b000 	/Library/Java/JavaVirtualMachines/jdk-11.0.8.jdk/Contents/Home/lib/libjava.dylib
0x000000010daff000 	/Library/Java/JavaVirtualMachines/jdk-11.0.8.jdk/Contents/Home/lib/libjimage.dylib
0x000000010db17000 	/Library/Java/JavaVirtualMachines/jdk-11.0.8.jdk/Contents/Home/lib/libzip.dylib
0x000000010e5d0000 	/Library/Java/JavaVirtualMachines/jdk-11.0.8.jdk/Contents/Home/lib/libnio.dylib
0x000000010e5fc000 	/Library/Java/JavaVirtualMachines/jdk-11.0.8.jdk/Contents/Home/lib/libnet.dylib
0x000000010e616000 	/Users/soniaswanson/Downloads/javafx-sdk-17.0.1/lib/libprism_es2.dylib
0x00007ff821a69000 	/System/Library/PrivateFrameworks/CoreServicesInternal.framework/Versions/A/CoreServicesInternal
0x00007ffa38129000 	/System/Library/Frameworks/OpenGL.framework/Versions/A/Resources/GLEngine.bundle/GLEngine
0x00007ffa37f8f000 	/System/Library/Frameworks/OpenGL.framework/Versions/A/Libraries/libGLProgrammability.dylib
0x00007ffa2cfb1000 	/System/Library/Extensions/AppleIntelKBLGraphicsGLDriver.bundle/Contents/MacOS/AppleIntelKBLGraphicsGLDriver
0x00007ff92f5ef000 	/System/Library/PrivateFrameworks/GPUSupport.framework/Versions/A/Libraries/libGPUSupportMercury.dylib
0x00007ffa382b3000 	/System/Library/Frameworks/OpenGL.framework/Versions/A/Resources/GLRendererFloat.bundle/GLRendererFloat
0x0000000118fd8000 	/Users/soniaswanson/Downloads/javafx-sdk-17.0.1/lib/libglass.dylib
0x00007ff8316f5000 	/System/Library/Frameworks/FileProvider.framework/Versions/A/FileProvider
0x00007ff825707000 	/System/Library/Frameworks/Accounts.framework/Versions/A/Accounts
0x00007ff83186e000 	/System/Library/PrivateFrameworks/GenerationalStorage.framework/Versions/A/GenerationalStorage
0x00007ff83237e000 	/System/Library/PrivateFrameworks/CoreSymbolication.framework/Versions/A/CoreSymbolication
0x00007ff8310f9000 	/System/Library/PrivateFrameworks/SymptomDiagnosticReporter.framework/Versions/A/SymptomDiagnosticReporter
0x00007ff822d28000 	/System/Library/PrivateFrameworks/DesktopServicesPriv.framework/Versions/A/DesktopServicesPriv
0x00007ff821ba8000 	/usr/lib/libsandbox.1.dylib
0x00007ff826a4e000 	/System/Library/PrivateFrameworks/UserManagement.framework/Versions/A/UserManagement
0x00007ff832343000 	/System/Library/PrivateFrameworks/DebugSymbols.framework/Versions/A/DebugSymbols
0x00007ff82d064000 	/System/Library/PrivateFrameworks/NetAuth.framework/Versions/A/NetAuth
0x00007ff82df73000 	/System/Library/PrivateFrameworks/Sharing.framework/Versions/A/Sharing
0x00007ff826a21000 	/System/Library/PrivateFrameworks/login.framework/Versions/A/Frameworks/loginsupport.framework/Versions/A/loginsupport
0x00007ff8334e1000 	/System/Library/PrivateFrameworks/Apple80211.framework/Versions/A/Apple80211
0x00007ff829c22000 	/System/Library/PrivateFrameworks/AuthKit.framework/Versions/A/AuthKit
0x00007ff829277000 	/System/Library/PrivateFrameworks/CoreUtils.framework/Versions/A/CoreUtils
0x00007ff82919e000 	/System/Library/Frameworks/CoreWLAN.framework/Versions/A/CoreWLAN
0x00007ff82e0d2000 	/System/Library/Frameworks/IOBluetooth.framework/Versions/A/IOBluetooth
0x00007ff833549000 	/System/Library/PrivateFrameworks/CoreWiFi.framework/Versions/A/CoreWiFi
0x00007ff831f18000 	/System/Library/PrivateFrameworks/FrontBoardServices.framework/Versions/A/FrontBoardServices
0x00007ff831fa9000 	/System/Library/PrivateFrameworks/BoardServices.framework/Versions/A/BoardServices
0x00007ff829486000 	/System/Library/PrivateFrameworks/AssertionServices.framework/Versions/A/AssertionServices
0x00007ff8336cc000 	/System/Library/PrivateFrameworks/BackBoardServices.framework/Versions/A/BackBoardServices
0x00007ff82d4be000 	/System/Library/PrivateFrameworks/CorePhoneNumbers.framework/Versions/A/CorePhoneNumbers
0x00007ff82cd82000 	/System/Library/PrivateFrameworks/MultiverseSupport.framework/Versions/A/MultiverseSupport
0x00007ff83393f000 	/System/Library/PrivateFrameworks/RemoteServiceDiscovery.framework/Versions/A/RemoteServiceDiscovery
0x00007ff831216000 	/System/Library/PrivateFrameworks/DiskManagement.framework/Versions/A/DiskManagement
0x00007ff83112a000 	/System/Library/PrivateFrameworks/AppleIDAuthSupport.framework/Versions/A/AppleIDAuthSupport
0x00007ffb1f29c000 	/System/Library/PrivateFrameworks/AAAFoundation.framework/Versions/A/AAAFoundation
0x00007ff82d49f000 	/System/Library/PrivateFrameworks/KeychainCircle.framework/Versions/A/KeychainCircle
0x00007ff83394f000 	/System/Library/PrivateFrameworks/RemoteXPC.framework/Versions/A/RemoteXPC
0x00007ff8311e2000 	/System/Library/PrivateFrameworks/MediaKit.framework/Versions/A/MediaKit
0x00007ff831136000 	/System/Library/Frameworks/DiscRecording.framework/Versions/A/DiscRecording
0x00007ff82aa78000 	/usr/lib/libCoreStorage.dylib
0x00007ff8339ba000 	/usr/lib/libcsfde.dylib
0x00007ff82e19f000 	/System/Library/PrivateFrameworks/ProtectedCloudStorage.framework/Versions/A/ProtectedCloudStorage
0x00007ff8339b6000 	/System/Library/PrivateFrameworks/EFILogin.framework/Versions/A/EFILogin
0x00007ff831894000 	/System/Library/PrivateFrameworks/OctagonTrust.framework/Versions/A/OctagonTrust
0x00007ffb23b68000 	/System/Library/PrivateFrameworks/CoreUtilsExtras.framework/Versions/A/CoreUtilsExtras
0x00007ff83105d000 	/System/Library/Frameworks/CoreBluetooth.framework/Versions/A/CoreBluetooth
0x00007ff834049000 	/System/Library/Frameworks/AudioUnit.framework/Versions/A/AudioUnit
0x00007ff82aa70000 	/usr/lib/libMatch.1.dylib
0x00007ff929a7c000 	/System/Library/Frameworks/Accelerate.framework/Versions/A/Frameworks/vImage.framework/Versions/A/Libraries/libCGInterfaces.dylib
0x0000000131002000 	/usr/lib/libobjc-trampolines.dylib
0x00007ff826746000 	/System/Library/PrivateFrameworks/ViewBridge.framework/Versions/A/ViewBridge
0x0000000133f00000 	/Users/soniaswanson/Downloads/javafx-sdk-17.0.1/lib/libjavafx_font.dylib
0x00007ff82b1c6000 	/System/Library/PrivateFrameworks/login.framework/Versions/A/login
0x000000013436a000 	/Users/soniaswanson/Downloads/javafx-sdk-17.0.1/lib/libjavafx_iio.dylib
0x00007ffb373c5000 	/usr/lib/libRosetta.dylib


VM Arguments:
jvm_args: --module-path=/Users/soniaswanson/downloads/javafx-sdk-17.0.1/lib --add-modules=javafx.controls,javafx.fxml -Dfile.encoding=UTF-8 
java_command: ShowOrderFX -Djavafx.verbose=true
java_class_path (initial): /Users/soniaswanson/Personal Projects/ShowOrder/bin:/Users/soniaswanson/Downloads/javafx-sdk-17.0.1/lib/javafx.web.jar:/Users/soniaswanson/Downloads/javafx-sdk-17.0.1/lib/javafx.swing.jar:/Users/soniaswanson/Downloads/javafx-sdk-17.0.1/lib/javafx.media.jar:/Users/soniaswanson/Downloads/javafx-sdk-17.0.1/lib/javafx.graphics.jar:/Users/soniaswanson/Downloads/javafx-sdk-17.0.1/lib/javafx.fxml.jar:/Users/soniaswanson/Downloads/javafx-sdk-17.0.1/lib/javafx.controls.jar:/Users/soniaswanson/Downloads/javafx-sdk-17.0.1/lib/javafx.base.jar:/Users/soniaswanson/Downloads/javafx-sdk-17.0.1/lib/javafx-swt.jar
Launcher Type: SUN_STANDARD

[Global flags]
     intx CICompilerCount                          = 3                                         {product} {ergonomic}
     uint ConcGCThreads                            = 1                                         {product} {ergonomic}
     uint G1ConcRefinementThreads                  = 4                                         {product} {ergonomic}
   size_t G1HeapRegionSize                         = 1048576                                   {product} {ergonomic}
    uintx GCDrainStackTargetSize                   = 64                                        {product} {ergonomic}
   size_t InitialHeapSize                          = 134217728                                 {product} {ergonomic}
   size_t MarkStackSize                            = 4194304                                   {product} {ergonomic}
   size_t MaxHeapSize                              = 2147483648                                {product} {ergonomic}
   size_t MaxNewSize                               = 1287651328                                {product} {ergonomic}
   size_t MinHeapDeltaBytes                        = 1048576                                   {product} {ergonomic}
    uintx NonNMethodCodeHeapSize                   = 5830732                                {pd product} {ergonomic}
    uintx NonProfiledCodeHeapSize                  = 122913754                              {pd product} {ergonomic}
    uintx ProfiledCodeHeapSize                     = 122913754                              {pd product} {ergonomic}
    uintx ReservedCodeCacheSize                    = 251658240                              {pd product} {ergonomic}
     bool SegmentedCodeCache                       = true                                      {product} {ergonomic}
     bool UseCompressedClassPointers               = true                                 {lp64_product} {ergonomic}
     bool UseCompressedOops                        = true                                 {lp64_product} {ergonomic}
     bool UseG1GC                                  = true                                      {product} {ergonomic}

Logging:
Log output configuration:
 #0: stdout all=warning uptime,level,tags
 #1: stderr all=off uptime,level,tags

Environment Variables:
PATH=/usr/bin:/bin:/usr/sbin:/sbin
SHELL=/bin/bash

Signal Handlers:
SIGSEGV: [libjvm.dylib+0x786954], sa_mask[0]=11111111011111110111111111111111, sa_flags=SA_ONSTACK|SA_RESTART|SA_SIGINFO
SIGBUS: [libjvm.dylib+0x786954], sa_mask[0]=11111111011111110111111111111111, sa_flags=SA_RESTART|SA_SIGINFO
SIGFPE: [libjvm.dylib+0x786954], sa_mask[0]=11111111011111110111111111111111, sa_flags=SA_RESTART|SA_SIGINFO
SIGPIPE: [libjvm.dylib+0x637ecb], sa_mask[0]=11111111011111110111111111111111, sa_flags=SA_RESTART|SA_SIGINFO
SIGXFSZ: [libjvm.dylib+0x637ecb], sa_mask[0]=11111111011111110111111111111111, sa_flags=SA_RESTART|SA_SIGINFO
SIGILL: [libjvm.dylib+0x786954], sa_mask[0]=11111111011111110111111111111111, sa_flags=SA_RESTART|SA_SIGINFO
SIGUSR2: [libjvm.dylib+0x6384b5], sa_mask[0]=00100000000000000000000000000000, sa_flags=SA_RESTART|SA_SIGINFO
SIGHUP: [libjvm.dylib+0x636f13], sa_mask[0]=11111111011111110111111111111111, sa_flags=SA_RESTART|SA_SIGINFO
SIGINT: [libjvm.dylib+0x636f13], sa_mask[0]=11111111011111110111111111111111, sa_flags=SA_RESTART|SA_SIGINFO
SIGTERM: [libjvm.dylib+0x636f13], sa_mask[0]=11111111011111110111111111111111, sa_flags=SA_RESTART|SA_SIGINFO
SIGQUIT: [libjvm.dylib+0x636f13], sa_mask[0]=11111111011111110111111111111111, sa_flags=SA_RESTART|SA_SIGINFO


---------------  S Y S T E M  ---------------

OS:uname:Darwin 21.5.0 Darwin Kernel Version 21.5.0: Tue Apr 26 21:08:22 PDT 2022; root:xnu-8020.121.3~4/RELEASE_X86_64 x86_64
rlimit: STACK 8192k, CORE 0k, NPROC 1392, NOFILE 10240, AS infinity, DATA infinity, FSIZE infinity
load average:2.71 3.52 3.65

CPU:total 4 (initial active 4) (2 cores per cpu, 2 threads per core) family 6 model 142 stepping 9, cmov, cx8, fxsr, mmx, sse, sse2, sse3, ssse3, sse4.1, sse4.2, popcnt, avx, avx2, aes, clmul, erms, 3dnowpref, lzcnt, ht, tsc, tscinvbit, bmi1, bmi2, adx, fma

Memory: 4k page, physical 8388608k(14012k free)

vm_info: Java HotSpot(TM) 64-Bit Server VM (11.0.8+10-LTS) for bsd-amd64 JRE (11.0.8+10-LTS), built on Jun 16 2020 04:52:58 by "mach5one" with gcc 4.2.1 Compatible Apple LLVM 10.0.0 (clang-1000.11.45.5)

END.
