#
# A fatal error has been detected by the Java Runtime Environment:
#
#  Internal Error (safepoint.cpp:919), pid=84410, tid=28419
#  fatal error: Illegal threadstate encountered: 4
#
# JRE version: Java(TM) SE Runtime Environment 18.9 (11.0.8+10) (build 11.0.8+10-LTS)
# Java VM: Java HotSpot(TM) 64-Bit Server VM 18.9 (11.0.8+10-LTS, mixed mode, tiered, compressed oops, g1 gc, bsd-amd64)
# No core dump will be written. Core dumps have been disabled. To enable core dumping, try "ulimit -c unlimited" before starting Java again
#
# If you would like to submit a bug report, please visit:
#   https://bugreport.java.com/bugreport/crash.jsp
# The crash happened outside the Java Virtual Machine in native code.
# See problematic frame for where to report the bug.
#

---------------  S U M M A R Y ------------

Command Line: --module-path=/Users/soniaswanson/downloads/javafx-sdk-17.0.1/lib --add-modules=javafx.controls,javafx.fxml -Dfile.encoding=UTF-8 ShowOrderFX -Djavafx.verbose=true

Host: MacBookAir8,2 x86_64 1600 MHz, 4 cores, 8G, Darwin 21.5.0
Time: Thu Jun 23 13:59:54 2022 CDT elapsed time: 36 seconds (0d 0h 0m 36s)

---------------  T H R E A D  ---------------

Current thread (0x00007fbab195c000):  JavaThread "InvokeLaterDispatcher" daemon [_thread_in_native, id=28419, stack(0x000070000ce4f000,0x000070000cf4f000)]

Stack: [0x000070000ce4f000,0x000070000cf4f000],  sp=0x000070000cf4d2a0,  free space=1016k
Native frames: (J=compiled Java code, A=aot compiled Java code, j=interpreted, Vv=VM code, C=native code)
V  [libjvm.dylib+0x785b9a]  VMError::report_and_die(int, char const*, char const*, __va_list_tag*, Thread*, unsigned char*, void*, void*, char const*, int, unsigned long)+0x63c
V  [libjvm.dylib+0x78621d]  VMError::report_and_die(Thread*, void*, char const*, int, char const*, char const*, __va_list_tag*)+0x47
V  [libjvm.dylib+0x2650aa]  report_fatal(char const*, int, char const*, ...)+0xb5
V  [libjvm.dylib+0x6a5799]  SafepointSynchronize::block(JavaThread*)+0x1cf
V  [libjvm.dylib+0x734a3a]  JavaThread::check_safepoint_and_suspend_for_native_trans(JavaThread*)+0xaa
V  [libjvm.dylib+0x3d7f9c]  jni_DeleteGlobalRef+0x93
C  [libglass.dylib+0x82e8]  -[GlassRunnable dealloc]+0x28
C  [Foundation+0x818ee]  -[_NSThreadPerformInfo dealloc]+0x2a
C  [Foundation+0x4e466]  -[NSObject(NSThreadPerformAdditions) performSelectorOnMainThread:withObject:waitUntilDone:]+0x7c
J 3925  com.sun.glass.ui.mac.MacApplication._submitForLaterInvocation(Ljava/lang/Runnable;)V javafx.graphics (0 bytes) @ 0x000000011737ac8f [0x000000011737abc0+0x00000000000000cf]
J 3924 c1 com.sun.glass.ui.mac.MacApplication.submitForLaterInvocation(Ljava/lang/Runnable;)V javafx.graphics (6 bytes) @ 0x0000000110483bb4 [0x0000000110483b40+0x0000000000000074]
j  com.sun.glass.ui.InvokeLaterDispatcher.run()V+82 javafx.graphics
v  ~StubRoutines::call_stub
V  [libjvm.dylib+0x39c9da]  JavaCalls::call_helper(JavaValue*, methodHandle const&, JavaCallArguments*, Thread*)+0x21a
V  [libjvm.dylib+0x39be40]  JavaCalls::call_virtual(JavaValue*, Klass*, Symbol*, Symbol*, JavaCallArguments*, Thread*)+0xee
V  [libjvm.dylib+0x39befc]  JavaCalls::call_virtual(JavaValue*, Handle, Klass*, Symbol*, Symbol*, Thread*)+0x62
V  [libjvm.dylib+0x420ee8]  thread_entry(JavaThread*, Thread*)+0x78
V  [libjvm.dylib+0x733412]  JavaThread::thread_main_inner()+0x82
V  [libjvm.dylib+0x73325d]  JavaThread::run()+0x1a3
V  [libjvm.dylib+0x731068]  Thread::call_run()+0x60
V  [libjvm.dylib+0x635e47]  thread_native_entry(Thread*)+0x139
C  [libsystem_pthread.dylib+0x64e1]  _pthread_start+0x7d
C  [libsystem_pthread.dylib+0x1f6b]  thread_start+0xf

Java frames: (J=compiled Java code, j=interpreted, Vv=VM code)
J 3925  com.sun.glass.ui.mac.MacApplication._submitForLaterInvocation(Ljava/lang/Runnable;)V javafx.graphics (0 bytes) @ 0x000000011737ac1c [0x000000011737abc0+0x000000000000005c]
J 3924 c1 com.sun.glass.ui.mac.MacApplication.submitForLaterInvocation(Ljava/lang/Runnable;)V javafx.graphics (6 bytes) @ 0x0000000110483bb4 [0x0000000110483b40+0x0000000000000074]
j  com.sun.glass.ui.InvokeLaterDispatcher.run()V+82 javafx.graphics
v  ~StubRoutines::call_stub

---------------  P R O C E S S  ---------------

Threads class SMR info:
_java_thread_list=0x0000600003df9340, length=16, elements={
0x00007fbab180b800, 0x00007fbab1826000, 0x00007fbab182b000, 0x00007fbab1832800,
0x00007fbab302e000, 0x00007fbab081e000, 0x00007fbab0821000, 0x00007fbab20d6800,
0x00007fbab08bf000, 0x00007fbab20e5800, 0x00007fbab195c000, 0x00007fbab195d000,
0x00007fbab09db800, 0x00007fbab33f0800, 0x00007fbab33ef800, 0x00007fbab3485000
}

Java Threads: ( => current thread )
  0x00007fbab180b800 JavaThread "main" [_thread_blocked, id=10499, stack(0x000070000bc16000,0x000070000bd16000)]
  0x00007fbab1826000 JavaThread "Reference Handler" daemon [_thread_blocked, id=13827, stack(0x000070000c32b000,0x000070000c42b000)]
  0x00007fbab182b000 JavaThread "Finalizer" daemon [_thread_blocked, id=18179, stack(0x000070000c42e000,0x000070000c52e000)]
  0x00007fbab1832800 JavaThread "Signal Dispatcher" daemon [_thread_blocked, id=15363, stack(0x000070000c637000,0x000070000c737000)]
  0x00007fbab302e000 JavaThread "C2 CompilerThread0" daemon [_thread_blocked, id=21763, stack(0x000070000c73a000,0x000070000c83a000)]
  0x00007fbab081e000 JavaThread "C1 CompilerThread0" daemon [_thread_blocked, id=43011, stack(0x000070000c83d000,0x000070000c93d000)]
  0x00007fbab0821000 JavaThread "Sweeper thread" daemon [_thread_blocked, id=22531, stack(0x000070000c940000,0x000070000ca40000)]
  0x00007fbab20d6800 JavaThread "Common-Cleaner" daemon [_thread_blocked, id=23299, stack(0x000070000ca43000,0x000070000cb43000)]
  0x00007fbab08bf000 JavaThread "Service Thread" daemon [_thread_blocked, id=23811, stack(0x000070000cb46000,0x000070000cc46000)]
  0x00007fbab20e5800 JavaThread "QuantumRenderer-0" daemon [_thread_in_native_trans, id=41987, stack(0x000070000cd4c000,0x000070000ce4c000)]
=>0x00007fbab195c000 JavaThread "InvokeLaterDispatcher" daemon [_thread_in_native, id=28419, stack(0x000070000ce4f000,0x000070000cf4f000)]
  0x00007fbab195d000 JavaThread "JavaFX Application Thread" [_thread_in_native_trans, id=259, stack(0x00007ff7be481000,0x00007ff7bec81000)]
  0x00007fbab09db800 JavaThread "JavaFX-Launcher" [_thread_blocked, id=75523, stack(0x000070000d5ed000,0x000070000d6ed000)]
  0x00007fbab33f0800 JavaThread "Prism Font Disposer" daemon [_thread_blocked, id=55819, stack(0x000070000d6f0000,0x000070000d7f0000)]
  0x00007fbab33ef800 JavaThread "Cleaner-0" daemon [_thread_blocked, id=59403, stack(0x000070000d7f3000,0x000070000d8f3000)]
  0x00007fbab3485000 JavaThread "PulseTimer-CVDisplayLink thread" daemon [_thread_in_native, id=72715, stack(0x000070000c5b4000,0x000070000c634000)]

Other Threads:
  0x00007fbab302a000 VMThread "VM Thread" [stack: 0x000070000c228000,0x000070000c328000] [id=18691]
  0x00007fbab18ee800 WatcherThread [stack: 0x000070000cc49000,0x000070000cd49000] [id=24323]
  0x00007fbab180c800 GCTaskThread "GC Thread#0" [stack: 0x000070000bd19000,0x000070000be19000] [id=20739]
  0x00007fbab3278800 GCTaskThread "GC Thread#1" [stack: 0x000070000cf52000,0x000070000d052000] [id=37379]
  0x00007fbab327d800 GCTaskThread "GC Thread#2" [stack: 0x000070000d055000,0x000070000d155000] [id=28931]
  0x00007fbab327e000 GCTaskThread "GC Thread#3" [stack: 0x000070000d158000,0x000070000d258000] [id=37123]
  0x00007fbab2035000 ConcurrentGCThread "G1 Main Marker" [stack: 0x000070000be1c000,0x000070000bf1c000] [id=11523]
  0x00007fbab2036000 ConcurrentGCThread "G1 Conc#0" [stack: 0x000070000bf1f000,0x000070000c01f000] [id=19971]
  0x00007fbab1825800 ConcurrentGCThread "G1 Refine#0" [stack: 0x000070000c022000,0x000070000c122000] [id=12035]
  0x00007fbab080e800 ConcurrentGCThread "G1 Young RemSet Sampling" [stack: 0x000070000c125000,0x000070000c225000] [id=19203]

Threads with active compile tasks:

VM state:not at safepoint (normal execution)

VM Mutex/Monitor currently owned by a thread: None

Heap address: 0x0000000780000000, size: 2048 MB, Compressed Oops mode: Zero based, Oop shift amount: 3
Narrow klass base: 0x0000000800000000, Narrow klass shift: 0
Compressed class space size: 1073741824 Address: 0x0000000800000000

Heap:
 garbage-first heap   total 131072K, used 34813K [0x0000000780000000, 0x0000000800000000)
  region size 1024K, 31 young (31744K), 7 survivors (7168K)
 Metaspace       used 23833K, capacity 24680K, committed 24956K, reserved 1071104K
  class space    used 3008K, capacity 3385K, committed 3452K, reserved 1048576K
Heap Regions: E=young(eden), S=young(survivor), O=old, HS=humongous(starts), HC=humongous(continues), CS=collection set, F=free, A=archive, TAMS=top-at-mark-start (previous, next)
|   0|0x0000000780000000, 0x0000000780000000, 0x0000000780100000|  0%| F|  |TAMS 0x0000000780000000, 0x0000000780000000| Untracked 
|   1|0x0000000780100000, 0x0000000780100000, 0x0000000780200000|  0%| F|  |TAMS 0x0000000780100000, 0x0000000780100000| Untracked 
|   2|0x0000000780200000, 0x0000000780200000, 0x0000000780300000|  0%| F|  |TAMS 0x0000000780200000, 0x0000000780200000| Untracked 
|   3|0x0000000780300000, 0x0000000780300000, 0x0000000780400000|  0%| F|  |TAMS 0x0000000780300000, 0x0000000780300000| Untracked 
|   4|0x0000000780400000, 0x0000000780400000, 0x0000000780500000|  0%| F|  |TAMS 0x0000000780400000, 0x0000000780400000| Untracked 
|   5|0x0000000780500000, 0x0000000780500000, 0x0000000780600000|  0%| F|  |TAMS 0x0000000780500000, 0x0000000780500000| Untracked 
|   6|0x0000000780600000, 0x0000000780700000, 0x0000000780700000|100%|HS|  |TAMS 0x0000000780700000, 0x0000000780600000| Complete 
|   7|0x0000000780700000, 0x0000000780800000, 0x0000000780800000|100%|HC|  |TAMS 0x0000000780800000, 0x0000000780700000| Complete 
|   8|0x0000000780800000, 0x0000000780900000, 0x0000000780900000|100%|HS|  |TAMS 0x0000000780900000, 0x0000000780800000| Complete 
|   9|0x0000000780900000, 0x0000000780a00000, 0x0000000780a00000|100%|HC|  |TAMS 0x0000000780a00000, 0x0000000780900000| Complete 
|  10|0x0000000780a00000, 0x0000000780a00000, 0x0000000780b00000|  0%| F|  |TAMS 0x0000000780a00000, 0x0000000780a00000| Untracked 
|  11|0x0000000780b00000, 0x0000000780b00000, 0x0000000780c00000|  0%| F|  |TAMS 0x0000000780b00000, 0x0000000780b00000| Untracked 
|  12|0x0000000780c00000, 0x0000000780c00000, 0x0000000780d00000|  0%| F|  |TAMS 0x0000000780c00000, 0x0000000780c00000| Untracked 
|  13|0x0000000780d00000, 0x0000000780d00000, 0x0000000780e00000|  0%| F|  |TAMS 0x0000000780d00000, 0x0000000780d00000| Untracked 
|  14|0x0000000780e00000, 0x0000000780e00000, 0x0000000780f00000|  0%| F|  |TAMS 0x0000000780e00000, 0x0000000780e00000| Untracked 
|  15|0x0000000780f00000, 0x0000000780f00000, 0x0000000781000000|  0%| F|  |TAMS 0x0000000780f00000, 0x0000000780f00000| Untracked 
|  16|0x0000000781000000, 0x0000000781000000, 0x0000000781100000|  0%| F|  |TAMS 0x0000000781000000, 0x0000000781000000| Untracked 
|  17|0x0000000781100000, 0x0000000781100000, 0x0000000781200000|  0%| F|  |TAMS 0x0000000781100000, 0x0000000781100000| Untracked 
|  18|0x0000000781200000, 0x0000000781200000, 0x0000000781300000|  0%| F|  |TAMS 0x0000000781200000, 0x0000000781200000| Untracked 
|  19|0x0000000781300000, 0x0000000781300000, 0x0000000781400000|  0%| F|  |TAMS 0x0000000781300000, 0x0000000781300000| Untracked 
|  20|0x0000000781400000, 0x0000000781400000, 0x0000000781500000|  0%| F|  |TAMS 0x0000000781400000, 0x0000000781400000| Untracked 
|  21|0x0000000781500000, 0x0000000781500000, 0x0000000781600000|  0%| F|  |TAMS 0x0000000781500000, 0x0000000781500000| Untracked 
|  22|0x0000000781600000, 0x0000000781600000, 0x0000000781700000|  0%| F|  |TAMS 0x0000000781600000, 0x0000000781600000| Untracked 
|  23|0x0000000781700000, 0x0000000781700000, 0x0000000781800000|  0%| F|  |TAMS 0x0000000781700000, 0x0000000781700000| Untracked 
|  24|0x0000000781800000, 0x0000000781800000, 0x0000000781900000|  0%| F|  |TAMS 0x0000000781800000, 0x0000000781800000| Untracked 
|  25|0x0000000781900000, 0x0000000781900000, 0x0000000781a00000|  0%| F|  |TAMS 0x0000000781900000, 0x0000000781900000| Untracked 
|  26|0x0000000781a00000, 0x0000000781a00000, 0x0000000781b00000|  0%| F|  |TAMS 0x0000000781a00000, 0x0000000781a00000| Untracked 
|  27|0x0000000781b00000, 0x0000000781b00000, 0x0000000781c00000|  0%| F|  |TAMS 0x0000000781b00000, 0x0000000781b00000| Untracked 
|  28|0x0000000781c00000, 0x0000000781c00000, 0x0000000781d00000|  0%| F|  |TAMS 0x0000000781c00000, 0x0000000781c00000| Untracked 
|  29|0x0000000781d00000, 0x0000000781d00000, 0x0000000781e00000|  0%| F|  |TAMS 0x0000000781d00000, 0x0000000781d00000| Untracked 
|  30|0x0000000781e00000, 0x0000000781e00000, 0x0000000781f00000|  0%| F|  |TAMS 0x0000000781e00000, 0x0000000781e00000| Untracked 
|  31|0x0000000781f00000, 0x0000000781f00000, 0x0000000782000000|  0%| F|  |TAMS 0x0000000781f00000, 0x0000000781f00000| Untracked 
|  32|0x0000000782000000, 0x0000000782000000, 0x0000000782100000|  0%| F|  |TAMS 0x0000000782000000, 0x0000000782000000| Untracked 
|  33|0x0000000782100000, 0x0000000782100000, 0x0000000782200000|  0%| F|  |TAMS 0x0000000782100000, 0x0000000782100000| Untracked 
|  34|0x0000000782200000, 0x0000000782200000, 0x0000000782300000|  0%| F|  |TAMS 0x0000000782200000, 0x0000000782200000| Untracked 
|  35|0x0000000782300000, 0x0000000782300000, 0x0000000782400000|  0%| F|  |TAMS 0x0000000782300000, 0x0000000782300000| Untracked 
|  36|0x0000000782400000, 0x0000000782400000, 0x0000000782500000|  0%| F|  |TAMS 0x0000000782400000, 0x0000000782400000| Untracked 
|  37|0x0000000782500000, 0x0000000782500000, 0x0000000782600000|  0%| F|  |TAMS 0x0000000782500000, 0x0000000782500000| Untracked 
|  38|0x0000000782600000, 0x0000000782600000, 0x0000000782700000|  0%| F|  |TAMS 0x0000000782600000, 0x0000000782600000| Untracked 
|  39|0x0000000782700000, 0x0000000782700000, 0x0000000782800000|  0%| F|  |TAMS 0x0000000782700000, 0x0000000782700000| Untracked 
|  40|0x0000000782800000, 0x0000000782800000, 0x0000000782900000|  0%| F|  |TAMS 0x0000000782800000, 0x0000000782800000| Untracked 
|  41|0x0000000782900000, 0x0000000782900000, 0x0000000782a00000|  0%| F|  |TAMS 0x0000000782900000, 0x0000000782900000| Untracked 
|  42|0x0000000782a00000, 0x0000000782a00000, 0x0000000782b00000|  0%| F|  |TAMS 0x0000000782a00000, 0x0000000782a00000| Untracked 
|  43|0x0000000782b00000, 0x0000000782b00000, 0x0000000782c00000|  0%| F|  |TAMS 0x0000000782b00000, 0x0000000782b00000| Untracked 
|  44|0x0000000782c00000, 0x0000000782c00000, 0x0000000782d00000|  0%| F|  |TAMS 0x0000000782c00000, 0x0000000782c00000| Untracked 
|  45|0x0000000782d00000, 0x0000000782d00000, 0x0000000782e00000|  0%| F|  |TAMS 0x0000000782d00000, 0x0000000782d00000| Untracked 
|  46|0x0000000782e00000, 0x0000000782e00000, 0x0000000782f00000|  0%| F|  |TAMS 0x0000000782e00000, 0x0000000782e00000| Untracked 
|  47|0x0000000782f00000, 0x0000000782f00000, 0x0000000783000000|  0%| F|  |TAMS 0x0000000782f00000, 0x0000000782f00000| Untracked 
|  48|0x0000000783000000, 0x0000000783000000, 0x0000000783100000|  0%| F|  |TAMS 0x0000000783000000, 0x0000000783000000| Untracked 
|  49|0x0000000783100000, 0x0000000783100000, 0x0000000783200000|  0%| F|  |TAMS 0x0000000783100000, 0x0000000783100000| Untracked 
|  50|0x0000000783200000, 0x0000000783200000, 0x0000000783300000|  0%| F|  |TAMS 0x0000000783200000, 0x0000000783200000| Untracked 
|  51|0x0000000783300000, 0x0000000783300000, 0x0000000783400000|  0%| F|  |TAMS 0x0000000783300000, 0x0000000783300000| Untracked 
|  52|0x0000000783400000, 0x0000000783400000, 0x0000000783500000|  0%| F|  |TAMS 0x0000000783400000, 0x0000000783400000| Untracked 
|  53|0x0000000783500000, 0x0000000783500000, 0x0000000783600000|  0%| F|  |TAMS 0x0000000783500000, 0x0000000783500000| Untracked 
|  54|0x0000000783600000, 0x0000000783600000, 0x0000000783700000|  0%| F|  |TAMS 0x0000000783600000, 0x0000000783600000| Untracked 
|  55|0x0000000783700000, 0x0000000783700000, 0x0000000783800000|  0%| F|  |TAMS 0x0000000783700000, 0x0000000783700000| Untracked 
|  56|0x0000000783800000, 0x0000000783800000, 0x0000000783900000|  0%| F|  |TAMS 0x0000000783800000, 0x0000000783800000| Untracked 
|  57|0x0000000783900000, 0x0000000783900000, 0x0000000783a00000|  0%| F|  |TAMS 0x0000000783900000, 0x0000000783900000| Untracked 
|  58|0x0000000783a00000, 0x0000000783a00000, 0x0000000783b00000|  0%| F|  |TAMS 0x0000000783a00000, 0x0000000783a00000| Untracked 
|  59|0x0000000783b00000, 0x0000000783b00000, 0x0000000783c00000|  0%| F|  |TAMS 0x0000000783b00000, 0x0000000783b00000| Untracked 
|  60|0x0000000783c00000, 0x0000000783c00000, 0x0000000783d00000|  0%| F|  |TAMS 0x0000000783c00000, 0x0000000783c00000| Untracked 
|  61|0x0000000783d00000, 0x0000000783d00000, 0x0000000783e00000|  0%| F|  |TAMS 0x0000000783d00000, 0x0000000783d00000| Untracked 
|  62|0x0000000783e00000, 0x0000000783e00000, 0x0000000783f00000|  0%| F|  |TAMS 0x0000000783e00000, 0x0000000783e00000| Untracked 
|  63|0x0000000783f00000, 0x0000000783f00000, 0x0000000784000000|  0%| F|  |TAMS 0x0000000783f00000, 0x0000000783f00000| Untracked 
|  64|0x0000000784000000, 0x0000000784000000, 0x0000000784100000|  0%| F|  |TAMS 0x0000000784000000, 0x0000000784000000| Untracked 
|  65|0x0000000784100000, 0x0000000784100000, 0x0000000784200000|  0%| F|  |TAMS 0x0000000784100000, 0x0000000784100000| Untracked 
|  66|0x0000000784200000, 0x0000000784200000, 0x0000000784300000|  0%| F|  |TAMS 0x0000000784200000, 0x0000000784200000| Untracked 
|  67|0x0000000784300000, 0x0000000784300000, 0x0000000784400000|  0%| F|  |TAMS 0x0000000784300000, 0x0000000784300000| Untracked 
|  68|0x0000000784400000, 0x0000000784400000, 0x0000000784500000|  0%| F|  |TAMS 0x0000000784400000, 0x0000000784400000| Untracked 
|  69|0x0000000784500000, 0x0000000784500000, 0x0000000784600000|  0%| F|  |TAMS 0x0000000784500000, 0x0000000784500000| Untracked 
|  70|0x0000000784600000, 0x0000000784600000, 0x0000000784700000|  0%| F|  |TAMS 0x0000000784600000, 0x0000000784600000| Untracked 
|  71|0x0000000784700000, 0x0000000784700000, 0x0000000784800000|  0%| F|  |TAMS 0x0000000784700000, 0x0000000784700000| Untracked 
|  72|0x0000000784800000, 0x0000000784800000, 0x0000000784900000|  0%| F|  |TAMS 0x0000000784800000, 0x0000000784800000| Untracked 
|  73|0x0000000784900000, 0x0000000784900000, 0x0000000784a00000|  0%| F|  |TAMS 0x0000000784900000, 0x0000000784900000| Untracked 
|  74|0x0000000784a00000, 0x0000000784a00000, 0x0000000784b00000|  0%| F|  |TAMS 0x0000000784a00000, 0x0000000784a00000| Untracked 
|  75|0x0000000784b00000, 0x0000000784b00000, 0x0000000784c00000|  0%| F|  |TAMS 0x0000000784b00000, 0x0000000784b00000| Untracked 
|  76|0x0000000784c00000, 0x0000000784cff430, 0x0000000784d00000| 99%| S|CS|TAMS 0x0000000784c00000, 0x0000000784c00000| Complete 
|  77|0x0000000784d00000, 0x0000000784e00000, 0x0000000784e00000|100%| S|CS|TAMS 0x0000000784d00000, 0x0000000784d00000| Complete 
|  78|0x0000000784e00000, 0x0000000784f00000, 0x0000000784f00000|100%| S|CS|TAMS 0x0000000784e00000, 0x0000000784e00000| Complete 
|  79|0x0000000784f00000, 0x0000000785000000, 0x0000000785000000|100%| S|CS|TAMS 0x0000000784f00000, 0x0000000784f00000| Complete 
|  80|0x0000000785000000, 0x0000000785100000, 0x0000000785100000|100%| S|CS|TAMS 0x0000000785000000, 0x0000000785000000| Complete 
|  81|0x0000000785100000, 0x0000000785200000, 0x0000000785200000|100%| S|CS|TAMS 0x0000000785100000, 0x0000000785100000| Complete 
|  82|0x0000000785200000, 0x0000000785300000, 0x0000000785300000|100%| S|CS|TAMS 0x0000000785200000, 0x0000000785200000| Complete 
|  83|0x0000000785300000, 0x0000000785300000, 0x0000000785400000|  0%| F|  |TAMS 0x0000000785300000, 0x0000000785300000| Untracked 
|  84|0x0000000785400000, 0x0000000785400000, 0x0000000785500000|  0%| F|  |TAMS 0x0000000785400000, 0x0000000785400000| Untracked 
|  85|0x0000000785500000, 0x0000000785500000, 0x0000000785600000|  0%| F|  |TAMS 0x0000000785500000, 0x0000000785500000| Untracked 
|  86|0x0000000785600000, 0x0000000785600000, 0x0000000785700000|  0%| F|  |TAMS 0x0000000785600000, 0x0000000785600000| Untracked 
|  87|0x0000000785700000, 0x0000000785700000, 0x0000000785800000|  0%| F|  |TAMS 0x0000000785700000, 0x0000000785700000| Untracked 
|  88|0x0000000785800000, 0x0000000785800000, 0x0000000785900000|  0%| F|  |TAMS 0x0000000785800000, 0x0000000785800000| Untracked 
|  89|0x0000000785900000, 0x0000000785900000, 0x0000000785a00000|  0%| F|  |TAMS 0x0000000785900000, 0x0000000785900000| Untracked 
|  90|0x0000000785a00000, 0x0000000785a00000, 0x0000000785b00000|  0%| F|  |TAMS 0x0000000785a00000, 0x0000000785a00000| Untracked 
|  91|0x0000000785b00000, 0x0000000785b00000, 0x0000000785c00000|  0%| F|  |TAMS 0x0000000785b00000, 0x0000000785b00000| Untracked 
|  92|0x0000000785c00000, 0x0000000785c00000, 0x0000000785d00000|  0%| F|  |TAMS 0x0000000785c00000, 0x0000000785c00000| Untracked 
|  93|0x0000000785d00000, 0x0000000785d00000, 0x0000000785e00000|  0%| F|  |TAMS 0x0000000785d00000, 0x0000000785d00000| Untracked 
|  94|0x0000000785e00000, 0x0000000785e00000, 0x0000000785f00000|  0%| F|  |TAMS 0x0000000785e00000, 0x0000000785e00000| Untracked 
|  95|0x0000000785f00000, 0x0000000785f00000, 0x0000000786000000|  0%| F|  |TAMS 0x0000000785f00000, 0x0000000785f00000| Untracked 
|  96|0x0000000786000000, 0x0000000786000000, 0x0000000786100000|  0%| F|  |TAMS 0x0000000786000000, 0x0000000786000000| Untracked 
|  97|0x0000000786100000, 0x0000000786100000, 0x0000000786200000|  0%| F|  |TAMS 0x0000000786100000, 0x0000000786100000| Untracked 
|  98|0x0000000786200000, 0x0000000786200000, 0x0000000786300000|  0%| F|  |TAMS 0x0000000786200000, 0x0000000786200000| Untracked 
|  99|0x0000000786300000, 0x0000000786300000, 0x0000000786400000|  0%| F|  |TAMS 0x0000000786300000, 0x0000000786300000| Untracked 
| 100|0x0000000786400000, 0x0000000786400000, 0x0000000786500000|  0%| F|  |TAMS 0x0000000786400000, 0x0000000786400000| Untracked 
| 101|0x0000000786500000, 0x0000000786500000, 0x0000000786600000|  0%| F|  |TAMS 0x0000000786500000, 0x0000000786500000| Untracked 
| 102|0x0000000786600000, 0x0000000786600000, 0x0000000786700000|  0%| F|  |TAMS 0x0000000786600000, 0x0000000786600000| Untracked 
| 103|0x0000000786700000, 0x0000000786700000, 0x0000000786800000|  0%| F|  |TAMS 0x0000000786700000, 0x0000000786700000| Untracked 
| 104|0x0000000786800000, 0x00000007868dba18, 0x0000000786900000| 85%| E|  |TAMS 0x0000000786800000, 0x0000000786800000| Complete 
| 105|0x0000000786900000, 0x0000000786a00000, 0x0000000786a00000|100%| E|CS|TAMS 0x0000000786900000, 0x0000000786900000| Complete 
| 106|0x0000000786a00000, 0x0000000786b00000, 0x0000000786b00000|100%| E|CS|TAMS 0x0000000786a00000, 0x0000000786a00000| Complete 
| 107|0x0000000786b00000, 0x0000000786c00000, 0x0000000786c00000|100%| E|CS|TAMS 0x0000000786b00000, 0x0000000786b00000| Complete 
| 108|0x0000000786c00000, 0x0000000786d00000, 0x0000000786d00000|100%| E|CS|TAMS 0x0000000786c00000, 0x0000000786c00000| Complete 
| 109|0x0000000786d00000, 0x0000000786e00000, 0x0000000786e00000|100%| E|CS|TAMS 0x0000000786d00000, 0x0000000786d00000| Complete 
| 110|0x0000000786e00000, 0x0000000786f00000, 0x0000000786f00000|100%| E|CS|TAMS 0x0000000786e00000, 0x0000000786e00000| Complete 
| 111|0x0000000786f00000, 0x0000000787000000, 0x0000000787000000|100%| E|CS|TAMS 0x0000000786f00000, 0x0000000786f00000| Complete 
| 112|0x0000000787000000, 0x0000000787100000, 0x0000000787100000|100%| E|CS|TAMS 0x0000000787000000, 0x0000000787000000| Complete 
| 113|0x0000000787100000, 0x0000000787200000, 0x0000000787200000|100%| E|CS|TAMS 0x0000000787100000, 0x0000000787100000| Complete 
| 114|0x0000000787200000, 0x0000000787300000, 0x0000000787300000|100%| E|CS|TAMS 0x0000000787200000, 0x0000000787200000| Complete 
| 115|0x0000000787300000, 0x0000000787400000, 0x0000000787400000|100%| E|CS|TAMS 0x0000000787300000, 0x0000000787300000| Complete 
| 116|0x0000000787400000, 0x0000000787500000, 0x0000000787500000|100%| E|CS|TAMS 0x0000000787400000, 0x0000000787400000| Complete 
| 117|0x0000000787500000, 0x0000000787600000, 0x0000000787600000|100%| E|CS|TAMS 0x0000000787500000, 0x0000000787500000| Complete 
| 118|0x0000000787600000, 0x0000000787700000, 0x0000000787700000|100%| E|CS|TAMS 0x0000000787600000, 0x0000000787600000| Complete 
| 119|0x0000000787700000, 0x0000000787800000, 0x0000000787800000|100%| E|CS|TAMS 0x0000000787700000, 0x0000000787700000| Complete 
| 120|0x0000000787800000, 0x0000000787900000, 0x0000000787900000|100%| E|CS|TAMS 0x0000000787800000, 0x0000000787800000| Complete 
| 121|0x0000000787900000, 0x0000000787a00000, 0x0000000787a00000|100%| E|CS|TAMS 0x0000000787900000, 0x0000000787900000| Complete 
| 122|0x0000000787a00000, 0x0000000787b00000, 0x0000000787b00000|100%| E|CS|TAMS 0x0000000787a00000, 0x0000000787a00000| Complete 
| 123|0x0000000787b00000, 0x0000000787c00000, 0x0000000787c00000|100%| E|CS|TAMS 0x0000000787b00000, 0x0000000787b00000| Complete 
| 124|0x0000000787c00000, 0x0000000787d00000, 0x0000000787d00000|100%| E|CS|TAMS 0x0000000787c00000, 0x0000000787c00000| Complete 
| 125|0x0000000787d00000, 0x0000000787e00000, 0x0000000787e00000|100%| E|CS|TAMS 0x0000000787d00000, 0x0000000787d00000| Complete 
| 126|0x0000000787e00000, 0x0000000787f00000, 0x0000000787f00000|100%| E|CS|TAMS 0x0000000787e00000, 0x0000000787e00000| Complete 
| 127|0x0000000787f00000, 0x0000000788000000, 0x0000000788000000|100%| E|CS|TAMS 0x0000000787f00000, 0x0000000787f00000| Complete 

Card table byte_map: [0x0000000101a4e000,0x0000000101e4e000] _byte_map_base: 0x00000000fde4e000

Marking Bits (Prev, Next): (CMBitMap*) 0x00007fbab202ca50, (CMBitMap*) 0x00007fbab202ca18
 Prev Bits: [0x000000011e718000, 0x0000000120718000)
 Next Bits: [0x00000001032fd000, 0x00000001052fd000)

Polling page: 0x00000001013c1000

Metaspace:

Usage:
  Non-class:     20.80 MB capacity,    20.34 MB ( 98%) used,   368.27 KB (  2%) free+waste,   100.94 KB ( <1%) overhead. 
      Class:      3.31 MB capacity,     2.94 MB ( 89%) used,   325.52 KB ( 10%) free+waste,    51.44 KB (  2%) overhead. 
       Both:     24.10 MB capacity,    23.28 MB ( 97%) used,   693.79 KB (  3%) free+waste,   152.38 KB ( <1%) overhead. 

Virtual space:
  Non-class space:       22.00 MB reserved,      21.00 MB ( 95%) committed 
      Class space:        1.00 GB reserved,       3.37 MB ( <1%) committed 
             Both:        1.02 GB reserved,      24.37 MB (  2%) committed 

Chunk freelists:
   Non-Class:  7.12 KB
       Class:  896 bytes
        Both:  8.00 KB

CodeHeap 'non-profiled nmethods': size=120032Kb used=1650Kb max_used=1650Kb free=118381Kb
 bounds [0x00000001171e0000, 0x0000000117450000, 0x000000011e718000]
CodeHeap 'profiled nmethods': size=120032Kb used=8192Kb max_used=8192Kb free=111839Kb
 bounds [0x000000010fca8000, 0x00000001104b8000, 0x00000001171e0000]
CodeHeap 'non-nmethods': size=5696Kb used=1348Kb max_used=1375Kb free=4347Kb
 bounds [0x000000010f718000, 0x000000010f988000, 0x000000010fca8000]
 total_blobs=4703 nmethods=3918 adapters=697
 compilation: enabled
              stopped_count=0, restarted_count=0
 full_count=0

Compilation events (10 events):
Event: 36.448 Thread 0x00007fbab081e000 3955       3       com.sun.javafx.tk.quantum.PrimaryTimer::recordEnd (7 bytes)
Event: 36.448 Thread 0x00007fbab081e000 nmethod 3955 0x00000001104a4510 code [0x00000001104a46c0, 0x00000001104a48c8]
Event: 36.448 Thread 0x00007fbab081e000 3956       3       com.sun.scenario.animation.AnimationPulse::recordEnd (81 bytes)
Event: 36.449 Thread 0x00007fbab081e000 nmethod 3956 0x00000001104a4990 code [0x00000001104a4c20, 0x00000001104a56f8]
Event: 36.449 Thread 0x00007fbab081e000 3957       3       com.sun.scenario.animation.AbstractPrimaryTimer$MainLoop::updateNextPulseTime (170 bytes)
Event: 36.450 Thread 0x00007fbab081e000 nmethod 3957 0x00000001104a5b10 code [0x00000001104a5ce0, 0x00000001104a61c8]
Event: 36.797 Thread 0x00007fbab081e000 3958       3       java.util.concurrent.locks.ReentrantLock$NonfairSync::tryAcquire (6 bytes)
Event: 36.798 Thread 0x00007fbab081e000 nmethod 3958 0x00000001104a6390 code [0x00000001104a6540, 0x00000001104a66c8]
Event: 36.814 Thread 0x00007fbab081e000 3959       3       java.util.concurrent.locks.ReentrantLock$Sync::nonfairTryAcquire (67 bytes)
Event: 36.816 Thread 0x00007fbab081e000 nmethod 3959 0x00000001104a6790 code [0x00000001104a6a20, 0x00000001104a7548]

GC Heap History (4 events):
Event: 0.694 GC heap before
{Heap before GC invocations=0 (full 0):
 garbage-first heap   total 131072K, used 14336K [0x0000000780000000, 0x0000000800000000)
  region size 1024K, 14 young (14336K), 0 survivors (0K)
 Metaspace       used 8869K, capacity 9168K, committed 9472K, reserved 1058816K
  class space    used 884K, capacity 1005K, committed 1024K, reserved 1048576K
}
Event: 0.699 GC heap after
{Heap after GC invocations=1 (full 0):
 garbage-first heap   total 131072K, used 1762K [0x0000000780000000, 0x0000000800000000)
  region size 1024K, 2 young (2048K), 2 survivors (2048K)
 Metaspace       used 8869K, capacity 9168K, committed 9472K, reserved 1058816K
  class space    used 884K, capacity 1005K, committed 1024K, reserved 1048576K
}
Event: 19.697 GC heap before
{Heap before GC invocations=1 (full 0):
 garbage-first heap   total 131072K, used 53986K [0x0000000780000000, 0x0000000800000000)
  region size 1024K, 45 young (46080K), 2 survivors (2048K)
 Metaspace       used 20590K, capacity 21219K, committed 21248K, reserved 1067008K
  class space    used 2538K, capacity 2816K, committed 2816K, reserved 1048576K
}
Event: 19.706 GC heap after
{Heap after GC invocations=2 (full 0):
 garbage-first heap   total 131072K, used 11261K [0x0000000780000000, 0x0000000800000000)
  region size 1024K, 7 young (7168K), 7 survivors (7168K)
 Metaspace       used 20590K, capacity 21219K, committed 21248K, reserved 1067008K
  class space    used 2538K, capacity 2816K, committed 2816K, reserved 1048576K
}

Deoptimization events (10 events):
Event: 19.671 Thread 0x00007fbab195d000 Uncommon trap: reason=class_check action=maybe_recompile pc=0x00000001171eca7c method=java.lang.Character.codePointAt(Ljava/lang/CharSequence;I)I @ 2 c2
Event: 19.827 Thread 0x00007fbab195d000 Uncommon trap: reason=class_check action=maybe_recompile pc=0x00000001172a7fb8 method=java.util.regex.Matcher.getTextLength()I @ 4 c2
Event: 20.094 Thread 0x00007fbab195d000 Uncommon trap: reason=speculate_class_check action=maybe_recompile pc=0x00000001172b7fb8 method=java.util.zip.InflaterInputStream.read([BII)I @ 100 c2
Event: 20.095 Thread 0x00007fbab195d000 Uncommon trap: reason=speculate_class_check action=maybe_recompile pc=0x00000001172b7fb8 method=java.util.zip.InflaterInputStream.read([BII)I @ 100 c2
Event: 20.096 Thread 0x00007fbab195d000 Uncommon trap: reason=speculate_class_check action=maybe_recompile pc=0x00000001172b7fb8 method=java.util.zip.InflaterInputStream.read([BII)I @ 100 c2
Event: 20.096 Thread 0x00007fbab195d000 Uncommon trap: reason=speculate_class_check action=maybe_recompile pc=0x00000001172b7fb8 method=java.util.zip.InflaterInputStream.read([BII)I @ 100 c2
Event: 27.822 Thread 0x00007fbab195d000 Uncommon trap: reason=unstable_if action=reinterpret pc=0x00000001172a3f54 method=java.lang.Character.isHighSurrogate(C)Z @ 3 c2
Event: 28.607 Thread 0x00007fbab195d000 Uncommon trap: reason=unstable_if action=reinterpret pc=0x00000001172ed414 method=com.sun.javafx.event.EventHandlerManager.dispatchCapturingEvent(Ljavafx/event/EventType;Ljavafx/event/Event;)Ljavafx/event/Event; @ 22 c2
Event: 28.665 Thread 0x00007fbab20e5800 Uncommon trap: reason=unstable_if action=reinterpret pc=0x00000001173087c0 method=com.sun.marlin.Renderer._endRendering(IILcom/sun/marlin/MarlinAlphaConsumer;)V @ 207 c2
Event: 28.665 Thread 0x00007fbab20e5800 Uncommon trap: reason=unstable_if action=reinterpret pc=0x0000000117301824 method=com.sun.marlin.MaskMarlinAlphaConsumer.setAndClearRelativeAlphas([IIII)V @ 69 c2

Classes redefined (0 events):
No events

Internal exceptions (10 events):
Event: 4.146 Thread 0x00007fbab195d000 Exception <a 'java/lang/NoSuchMethodError'{0x0000000785aca900}: java.lang.invoke.DirectMethodHandle$Holder.invokeStatic(Ljava/lang/Object;Ljava/lang/Object;J)Ljava/lang/Object;> (0x0000000785aca900) thrown at [./open/src/hotspot/share/interpreter/linkReso
Event: 4.146 Thread 0x00007fbab195d000 Exception <a 'java/lang/NoSuchMethodError'{0x0000000785ad0a78}: java.lang.invoke.Invokers$Holder.linkToTargetMethod(Ljava/lang/Object;JLjava/lang/Object;)Ljava/lang/Object;> (0x0000000785ad0a78) thrown at [./open/src/hotspot/share/interpreter/linkResolver
Event: 4.228 Thread 0x00007fbab195d000 Exception <a 'java/io/FileNotFoundException'{0x0000000785aef930}> (0x0000000785aef930) thrown at [./open/src/hotspot/share/prims/jni.cpp, line 611]
Event: 4.464 Thread 0x00007fbab195d000 Exception <a 'java/io/FileNotFoundException'{0x00000007859b5ac0}> (0x00000007859b5ac0) thrown at [./open/src/hotspot/share/prims/jni.cpp, line 611]
Event: 4.563 Thread 0x00007fbab195d000 Exception <a 'java/lang/NoSuchMethodError'{0x000000078584ca78}: java.lang.invoke.DirectMethodHandle$Holder.invokeSpecial(Ljava/lang/Object;Ljava/lang/Object;Ljava/lang/Object;Ljava/lang/Object;Ljava/lang/Object;Ljava/lang/Object;)V> (0x000000078584ca78) t
Event: 19.734 Thread 0x00007fbab195d000 Exception <a 'java/io/FileNotFoundException'{0x0000000787fc7b80}> (0x0000000787fc7b80) thrown at [./open/src/hotspot/share/prims/jni.cpp, line 611]
Event: 19.798 Thread 0x00007fbab195d000 Exception <a 'java/lang/ClassNotFoundException'{0x0000000787ce4610}: com/sun/javafx/scene/control/skin/resources/controls> (0x0000000787ce4610) thrown at [./open/src/hotspot/share/prims/jni.cpp, line 632]
Event: 19.800 Thread 0x00007fbab195d000 Exception <a 'java/lang/ClassNotFoundException'{0x0000000787cf28c8}: com/sun/javafx/scene/control/skin/resources/controls_en> (0x0000000787cf28c8) thrown at [./open/src/hotspot/share/prims/jni.cpp, line 632]
Event: 19.800 Thread 0x00007fbab195d000 Exception <a 'java/lang/ClassNotFoundException'{0x0000000787cf4b98}: com/sun/javafx/scene/control/skin/resources/controls_en_US> (0x0000000787cf4b98) thrown at [./open/src/hotspot/share/prims/jni.cpp, line 632]
Event: 21.510 Thread 0x00007fbab195d000 Exception <a 'java/lang/NoSuchMethodError'{0x0000000786e2da58}: java.lang.invoke.DirectMethodHandle$Holder.invokeStatic(Ljava/lang/Object;Ljava/lang/Object;ILjava/lang/Object;DDDDDDIIIIIIII)Ljava/lang/Object;> (0x0000000786e2da58) thrown at [./open/src/ho

Events (10 events):
Event: 29.206 Thread 0x00007fbab20e5800 DEOPT PACKING pc=0x0000000110337a54 sp=0x000070000ce48790
Event: 29.206 Thread 0x00007fbab20e5800 DEOPT UNPACKING pc=0x000000010f7407ba sp=0x000070000ce47be8 mode 0
Event: 30.588 Thread 0x00007fbab20e5800 DEOPT PACKING pc=0x000000011021bd7b sp=0x000070000ce47d90
Event: 30.588 Thread 0x00007fbab20e5800 DEOPT UNPACKING pc=0x000000010f7407ba sp=0x000070000ce47270 mode 0
Event: 30.778 Thread 0x00007fbab20e5800 DEOPT PACKING pc=0x000000011021bd7b sp=0x000070000ce47d90
Event: 30.778 Thread 0x00007fbab20e5800 DEOPT UNPACKING pc=0x000000010f7407ba sp=0x000070000ce47270 mode 0
Event: 31.468 Thread 0x00007fbab20e5800 DEOPT PACKING pc=0x00000001103e3f34 sp=0x000070000ce48950
Event: 31.468 Thread 0x00007fbab20e5800 DEOPT UNPACKING pc=0x000000010f7407ba sp=0x000070000ce47e70 mode 0
Event: 31.898 Thread 0x00007fbab20e5800 DEOPT PACKING pc=0x00000001103e3f34 sp=0x000070000ce48950
Event: 31.898 Thread 0x00007fbab20e5800 DEOPT UNPACKING pc=0x000000010f7407ba sp=0x000070000ce47e70 mode 0


Dynamic libraries:
0x00000001013a2000 	/Library/Java/JavaVirtualMachines/jdk-11.0.8.jdk/Contents/Home/lib/jli/libjli.dylib
0x00007ff835f8e000 	/System/Library/Frameworks/Cocoa.framework/Versions/A/Cocoa
0x00007ff821bf7000 	/System/Library/Frameworks/AppKit.framework/Versions/C/AppKit
0x00007ff82510a000 	/System/Library/Frameworks/CoreData.framework/Versions/A/CoreData
0x00007ff81fffb000 	/System/Library/Frameworks/Foundation.framework/Versions/C/Foundation
0x00007ff829f23000 	/usr/lib/libSystem.B.dylib
0x00007ff822a86000 	/System/Library/PrivateFrameworks/UIFoundation.framework/Versions/A/UIFoundation
0x00007ff82fe92000 	/System/Library/PrivateFrameworks/RemoteViewServices.framework/Versions/A/RemoteViewServices
0x00007ff828178000 	/System/Library/PrivateFrameworks/XCTTargetBootstrap.framework/Versions/A/XCTTargetBootstrap
0x00007ff82bd2a000 	/System/Library/PrivateFrameworks/InternationalSupport.framework/Versions/A/InternationalSupport
0x00007ff82bdb4000 	/System/Library/PrivateFrameworks/UserActivity.framework/Versions/A/UserActivity
0x00007ff82b10a000 	/usr/lib/libspindump.dylib
0x00007ff822d14000 	/System/Library/Frameworks/UniformTypeIdentifiers.framework/Versions/A/UniformTypeIdentifiers
0x00007ff8268a0000 	/usr/lib/libapp_launch_measurement.dylib
0x00007ff825adb000 	/System/Library/PrivateFrameworks/CoreAnalytics.framework/Versions/A/CoreAnalytics
0x00007ff8268a3000 	/System/Library/PrivateFrameworks/CoreAutoLayout.framework/Versions/A/CoreAutoLayout
0x00007ff827ad2000 	/System/Library/Frameworks/Metal.framework/Versions/A/Metal
0x00007ff8287fd000 	/usr/lib/liblangid.dylib
0x00007ff82817d000 	/System/Library/PrivateFrameworks/CoreSVG.framework/Versions/A/CoreSVG
0x00007ff8240ff000 	/System/Library/PrivateFrameworks/SkyLight.framework/Versions/A/SkyLight
0x00007ff82449d000 	/System/Library/Frameworks/CoreGraphics.framework/Versions/A/CoreGraphics
0x00007ff830552000 	/System/Library/Frameworks/Accelerate.framework/Versions/A/Accelerate
0x00007ff82ab89000 	/System/Library/PrivateFrameworks/IconServices.framework/Versions/A/IconServices
0x00007ff827ab7000 	/System/Library/Frameworks/IOSurface.framework/Versions/A/IOSurface
0x00007ff825b09000 	/usr/lib/libDiagnosticMessagesClient.dylib
0x00007ff829e43000 	/usr/lib/libz.1.dylib
0x00007ff833c32000 	/System/Library/Frameworks/ApplicationServices.framework/Versions/A/ApplicationServices
0x00007ff828164000 	/System/Library/PrivateFrameworks/DFRFoundation.framework/Versions/A/DFRFoundation
0x00007ff8214df000 	/usr/lib/libicucore.A.dylib
0x00007ff82cb1f000 	/System/Library/Frameworks/AudioToolbox.framework/Versions/A/AudioToolbox
0x00007ff82bd36000 	/System/Library/PrivateFrameworks/DataDetectorsCore.framework/Versions/A/DataDetectorsCore
0x00007ff92821d000 	/System/Library/PrivateFrameworks/TextInput.framework/Versions/A/TextInput
0x00007ff824082000 	/usr/lib/libMobileGestalt.dylib
0x00007ff827e70000 	/System/Library/Frameworks/Carbon.framework/Versions/A/Frameworks/HIToolbox.framework/Versions/A/HIToolbox
0x00007ff8262a6000 	/System/Library/Frameworks/QuartzCore.framework/Versions/A/QuartzCore
0x00007ff821184000 	/System/Library/Frameworks/Security.framework/Versions/A/Security
0x00007ff82feca000 	/System/Library/Frameworks/Carbon.framework/Versions/A/Frameworks/SpeechRecognition.framework/Versions/A/SpeechRecognition
0x00007ff826600000 	/System/Library/PrivateFrameworks/CoreUI.framework/Versions/A/CoreUI
0x00007ff820a4f000 	/System/Library/Frameworks/CoreAudio.framework/Versions/A/CoreAudio
0x00007ff825bf8000 	/System/Library/Frameworks/DiskArbitration.framework/Versions/A/DiskArbitration
0x00007ff82b4f8000 	/System/Library/PrivateFrameworks/MultitouchSupport.framework/Versions/A/MultitouchSupport
0x00007ff824081000 	/usr/lib/libenergytrace.dylib
0x00007ff821ae3000 	/System/Library/Frameworks/IOKit.framework/Versions/A/IOKit
0x00007ff8302ba000 	/System/Library/Frameworks/CoreServices.framework/Versions/A/CoreServices
0x00007ff82683a000 	/System/Library/PrivateFrameworks/PerformanceAnalysis.framework/Versions/A/PerformanceAnalysis
0x00007ffa37f02000 	/System/Library/Frameworks/OpenGL.framework/Versions/A/OpenGL
0x00007ff82945f000 	/System/Library/PrivateFrameworks/MobileKeyBag.framework/Versions/A/MobileKeyBag
0x00007ff81efbf000 	/usr/lib/libobjc.A.dylib
0x00007ff824b69000 	/System/Library/Frameworks/ColorSync.framework/Versions/A/ColorSync
0x00007ff81f179000 	/System/Library/Frameworks/CoreFoundation.framework/Versions/A/CoreFoundation
0x00007ff8283f3000 	/System/Library/Frameworks/CoreImage.framework/Versions/A/CoreImage
0x00007ff820863000 	/System/Library/Frameworks/CoreText.framework/Versions/A/CoreText
0x00007ff8281ad000 	/System/Library/Frameworks/ImageIO.framework/Versions/A/ImageIO
0x00007ff829f29000 	/System/Library/PrivateFrameworks/SoftLinking.framework/Versions/A/SoftLinking
0x00007ff8268eb000 	/usr/lib/libxml2.2.dylib
0x00007ff81f085000 	/usr/lib/libc++.1.dylib
0x00007ff82a1ad000 	/usr/lib/libcompression.dylib
0x00007ff82bc5d000 	/System/Library/PrivateFrameworks/TextureIO.framework/Versions/A/TextureIO
0x00007ff82a89b000 	/usr/lib/libate.dylib
0x00007ff829f1e000 	/usr/lib/system/libcache.dylib
0x00007ff829eda000 	/usr/lib/system/libcommonCrypto.dylib
0x00007ff829f03000 	/usr/lib/system/libcompiler_rt.dylib
0x00007ff829ef9000 	/usr/lib/system/libcopyfile.dylib
0x00007ff81eeba000 	/usr/lib/system/libcorecrypto.dylib
0x00007ff81ef78000 	/usr/lib/system/libdispatch.dylib
0x00007ff81f138000 	/usr/lib/system/libdyld.dylib
0x00007ff829f15000 	/usr/lib/system/libkeymgr.dylib
0x00007ff829eb8000 	/usr/lib/system/libmacho.dylib
0x00007ff829539000 	/usr/lib/system/libquarantine.dylib
0x00007ff829f13000 	/usr/lib/system/libremovefile.dylib
0x00007ff8240cf000 	/usr/lib/system/libsystem_asl.dylib
0x00007ff81ee63000 	/usr/lib/system/libsystem_blocks.dylib
0x00007ff81effc000 	/usr/lib/system/libsystem_c.dylib
0x00007ff829f0b000 	/usr/lib/system/libsystem_collections.dylib
0x00007ff8287ed000 	/usr/lib/system/libsystem_configuration.dylib
0x00007ff827a9a000 	/usr/lib/system/libsystem_containermanager.dylib
0x00007ff829bf0000 	/usr/lib/system/libsystem_coreservices.dylib
0x00007ff821773000 	/usr/lib/system/libsystem_darwin.dylib
0x00007ff829f16000 	/usr/lib/system/libsystem_dnssd.dylib
0x00007ff81eff9000 	/usr/lib/system/libsystem_featureflags.dylib
0x00007ff81f14e000 	/usr/lib/system/libsystem_info.dylib
0x00007ff829e56000 	/usr/lib/system/libsystem_m.dylib
0x00007ff81ef4c000 	/usr/lib/system/libsystem_malloc.dylib
0x00007ff82406a000 	/usr/lib/system/libsystem_networkextension.dylib
0x00007ff821b99000 	/usr/lib/system/libsystem_notify.dylib
0x00007ff83018f000 	/usr/lib/system/libsystem_product_info_filter.dylib
0x00007ff8287f1000 	/usr/lib/system/libsystem_sandbox.dylib
0x00007ff829f10000 	/usr/lib/system/libsystem_secinit.dylib
0x00007ff81f0f4000 	/usr/lib/system/libsystem_kernel.dylib
0x00007ff81f144000 	/usr/lib/system/libsystem_platform.dylib
0x00007ff81f12c000 	/usr/lib/system/libsystem_pthread.dylib
0x00007ff82591b000 	/usr/lib/system/libsystem_symptoms.dylib
0x00007ff81eea1000 	/usr/lib/system/libsystem_trace.dylib
0x00007ff829ee6000 	/usr/lib/system/libunwind.dylib
0x00007ff81ee65000 	/usr/lib/system/libxpc.dylib
0x00007ff81f0de000 	/usr/lib/libc++abi.dylib
0x00007ff829ef1000 	/usr/lib/liboah.dylib
0x00007ff82a677000 	/usr/lib/liblzma.5.dylib
0x00007ff81fd0a000 	/System/Library/Frameworks/SystemConfiguration.framework/Versions/A/SystemConfiguration
0x00007ff829f25000 	/usr/lib/libfakelink.dylib
0x00007ff823bdb000 	/System/Library/Frameworks/CFNetwork.framework/Versions/A/CFNetwork
0x00007ff82a066000 	/usr/lib/libarchive.2.dylib
0x00007ff8287f9000 	/System/Library/PrivateFrameworks/AppleSystemInfo.framework/Versions/A/AppleSystemInfo
0x00007ff829560000 	/usr/lib/libbsm.0.dylib
0x00007ff8231ea000 	/usr/lib/libnetwork.dylib
0x00007ff829ebe000 	/usr/lib/system/libkxld.dylib
0x00007ff829193000 	/System/Library/PrivateFrameworks/IOMobileFramebuffer.framework/Versions/A/IOMobileFramebuffer
0x00007ffb372d6000 	/usr/lib/libCoreEntitlements.dylib
0x00007ff829bd2000 	/System/Library/PrivateFrameworks/AppleFSCompression.framework/Versions/A/AppleFSCompression
0x00007ff829548000 	/usr/lib/libcoretls.dylib
0x00007ff82a691000 	/usr/lib/libcoretls_cfhelpers.dylib
0x00007ff82a1a8000 	/usr/lib/libpam.2.dylib
0x00007ff82553b000 	/usr/lib/libsqlite3.dylib
0x00007ff82a700000 	/usr/lib/libxar.1.dylib
0x00007ff829be2000 	/usr/lib/libbz2.1.0.dylib
0x00007ff829f2a000 	/usr/lib/libpcap.A.dylib
0x00007ff825913000 	/usr/lib/libdns_services.dylib
0x00007ff82a178000 	/usr/lib/libapple_nghttp2.dylib
0x00007ff829f64000 	/usr/lib/libiconv.2.dylib
0x00007ff829eb7000 	/usr/lib/libcharset.1.dylib
0x00007ff82686e000 	/System/Library/Frameworks/CoreServices.framework/Versions/A/Frameworks/FSEvents.framework/Versions/A/FSEvents
0x00007ff82177d000 	/System/Library/Frameworks/CoreServices.framework/Versions/A/Frameworks/CarbonCore.framework/Versions/A/CarbonCore
0x00007ff825b5c000 	/System/Library/Frameworks/CoreServices.framework/Versions/A/Frameworks/Metadata.framework/Versions/A/Metadata
0x00007ff829bf5000 	/System/Library/Frameworks/CoreServices.framework/Versions/A/Frameworks/OSServices.framework/Versions/A/OSServices
0x00007ff82a0ed000 	/System/Library/Frameworks/CoreServices.framework/Versions/A/Frameworks/SearchKit.framework/Versions/A/SearchKit
0x00007ff8258a6000 	/System/Library/Frameworks/CoreServices.framework/Versions/A/Frameworks/AE.framework/Versions/A/AE
0x00007ff81f67c000 	/System/Library/Frameworks/CoreServices.framework/Versions/A/Frameworks/LaunchServices.framework/Versions/A/LaunchServices
0x00007ff82a628000 	/System/Library/Frameworks/CoreServices.framework/Versions/A/Frameworks/DictionaryServices.framework/Versions/A/DictionaryServices
0x00007ff82687b000 	/System/Library/Frameworks/CoreServices.framework/Versions/A/Frameworks/SharedFileList.framework/Versions/A/SharedFileList
0x00007ff82953c000 	/usr/lib/libCheckFix.dylib
0x00007ff8240e6000 	/System/Library/PrivateFrameworks/TCC.framework/Versions/A/TCC
0x00007ff8287ff000 	/System/Library/PrivateFrameworks/CoreNLP.framework/Versions/A/CoreNLP
0x00007ff825b0c000 	/System/Library/PrivateFrameworks/MetadataUtilities.framework/Versions/A/MetadataUtilities
0x00007ff81fdbe000 	/usr/lib/libmecabra.dylib
0x00007ff829570000 	/usr/lib/libmecab.dylib
0x00007ff81fd89000 	/usr/lib/libCRFSuite.dylib
0x00007ff8295ca000 	/usr/lib/libgermantok.dylib
0x00007ff82a153000 	/usr/lib/libThaiTokenizer.dylib
0x00007ff825bff000 	/System/Library/Frameworks/Accelerate.framework/Versions/A/Frameworks/vImage.framework/Versions/A/vImage
0x00007ff830291000 	/System/Library/Frameworks/Accelerate.framework/Versions/A/Frameworks/vecLib.framework/Versions/A/vecLib
0x00007ff82a741000 	/System/Library/Frameworks/Accelerate.framework/Versions/A/Frameworks/vecLib.framework/Versions/A/libvMisc.dylib
0x00007ff828fbe000 	/System/Library/Frameworks/Accelerate.framework/Versions/A/Frameworks/vecLib.framework/Versions/A/libvDSP.dylib
0x00007ff81f9fa000 	/System/Library/Frameworks/Accelerate.framework/Versions/A/Frameworks/vecLib.framework/Versions/A/libBLAS.dylib
0x00007ff82a28a000 	/System/Library/Frameworks/Accelerate.framework/Versions/A/Frameworks/vecLib.framework/Versions/A/libLAPACK.dylib
0x00007ff8295cd000 	/System/Library/Frameworks/Accelerate.framework/Versions/A/Frameworks/vecLib.framework/Versions/A/libLinearAlgebra.dylib
0x00007ff82a190000 	/System/Library/Frameworks/Accelerate.framework/Versions/A/Frameworks/vecLib.framework/Versions/A/libSparseBLAS.dylib
0x00007ff82a284000 	/System/Library/Frameworks/Accelerate.framework/Versions/A/Frameworks/vecLib.framework/Versions/A/libQuadrature.dylib
0x00007ff8288ea000 	/System/Library/Frameworks/Accelerate.framework/Versions/A/Frameworks/vecLib.framework/Versions/A/libBNNS.dylib
0x00007ff81fc94000 	/System/Library/Frameworks/Accelerate.framework/Versions/A/Frameworks/vecLib.framework/Versions/A/libSparse.dylib
0x00007ff8288e3000 	/System/Library/PrivateFrameworks/LinguisticData.framework/Versions/A/LinguisticData
0x00007ff81fc4a000 	/System/Library/PrivateFrameworks/Lexicon.framework/Versions/A/Lexicon
0x00007ff82a73a000 	/usr/lib/libChineseTokenizer.dylib
0x00007ff8203b8000 	/System/Library/PrivateFrameworks/LanguageModeling.framework/Versions/A/LanguageModeling
0x00007ff82a155000 	/System/Library/PrivateFrameworks/AppleSauce.framework/Versions/A/AppleSauce
0x00007ff829181000 	/System/Library/PrivateFrameworks/CoreEmoji.framework/Versions/A/CoreEmoji
0x00007ff82a055000 	/usr/lib/libcmph.dylib
0x00007ff826852000 	/System/Library/Frameworks/OpenDirectory.framework/Versions/A/Frameworks/CFOpenDirectory.framework/Versions/A/CFOpenDirectory
0x00007ff826846000 	/System/Library/Frameworks/OpenDirectory.framework/Versions/A/OpenDirectory
0x00007ff82a693000 	/System/Library/PrivateFrameworks/APFS.framework/Versions/A/APFS
0x00007ff829497000 	/System/Library/Frameworks/SecurityFoundation.framework/Versions/A/SecurityFoundation
0x00007ff82a70e000 	/usr/lib/libutil.dylib
0x00007ff821aa7000 	/System/Library/PrivateFrameworks/CoreServicesStore.framework/Versions/A/CoreServicesStore
0x00007ff82a712000 	/usr/lib/libxslt.1.dylib
0x00007ff829524000 	/System/Library/PrivateFrameworks/BackgroundTaskManagement.framework/Versions/A/BackgroundTaskManagement
0x00007ff82bb7d000 	/System/Library/Frameworks/ImageIO.framework/Versions/A/Resources/libRadiance.dylib
0x00007ff82bb86000 	/System/Library/Frameworks/ImageIO.framework/Versions/A/Resources/libJPEG.dylib
0x00007ff82bad7000 	/System/Library/Frameworks/ImageIO.framework/Versions/A/Resources/libPng.dylib
0x00007ff82baf8000 	/System/Library/Frameworks/ImageIO.framework/Versions/A/Resources/libTIFF.dylib
0x00007ff82bbe6000 	/System/Library/Frameworks/ImageIO.framework/Versions/A/Resources/libGIF.dylib
0x00007ff82b412000 	/System/Library/Frameworks/ImageIO.framework/Versions/A/Resources/libJP2.dylib
0x00007ff82ab50000 	/usr/lib/libexpat.1.dylib
0x00007ff82b3c7000 	/System/Library/PrivateFrameworks/AppleJPEG.framework/Versions/A/AppleJPEG
0x00007ff827d34000 	/System/Library/PrivateFrameworks/FontServices.framework/libFontParser.dylib
0x00007ff825850000 	/System/Library/PrivateFrameworks/RunningBoardServices.framework/Versions/A/RunningBoardServices
0x00007ff836549000 	/System/Library/PrivateFrameworks/IOSurfaceAccelerator.framework/Versions/A/IOSurfaceAccelerator
0x00007ff82b4f4000 	/System/Library/PrivateFrameworks/WatchdogClient.framework/Versions/A/WatchdogClient
0x00007ff8204a6000 	/System/Library/Frameworks/CoreDisplay.framework/Versions/A/CoreDisplay
0x00007ff827c32000 	/System/Library/Frameworks/CoreMedia.framework/Versions/A/CoreMedia
0x00007ff827ac9000 	/System/Library/PrivateFrameworks/IOAccelerator.framework/Versions/A/IOAccelerator
0x00007ff8269cf000 	/System/Library/Frameworks/CoreVideo.framework/Versions/A/CoreVideo
0x00007ff82a1a6000 	/System/Library/Frameworks/MetalPerformanceShaders.framework/Versions/A/MetalPerformanceShaders
0x00007ff82b531000 	/System/Library/Frameworks/VideoToolbox.framework/Versions/A/VideoToolbox
0x00007ff82579a000 	/System/Library/PrivateFrameworks/BaseBoard.framework/Versions/A/BaseBoard
0x00007ff825521000 	/System/Library/PrivateFrameworks/ProtocolBuffer.framework/Versions/A/ProtocolBuffer
0x00007ff82bb76000 	/System/Library/PrivateFrameworks/GPUWrangler.framework/Versions/A/GPUWrangler
0x00007ff82bb5a000 	/System/Library/PrivateFrameworks/IOPresentment.framework/Versions/A/IOPresentment
0x00007ff82bb80000 	/System/Library/PrivateFrameworks/DSExternalDisplay.framework/Versions/A/DSExternalDisplay
0x00007ffa37ef6000 	/System/Library/Frameworks/OpenGL.framework/Versions/A/Libraries/libCoreFSCache.dylib
0x00007ffb249fa000 	/System/Library/PrivateFrameworks/GPUCompiler.framework/Versions/31001/Libraries/libGPUCompilerUtils.dylib
0x00007ff82bbeb000 	/System/Library/PrivateFrameworks/CMCaptureCore.framework/Versions/A/CMCaptureCore
0x00007ff82b0f8000 	/System/Library/PrivateFrameworks/AppServerSupport.framework/Versions/A/AppServerSupport
0x00007ff82d3b7000 	/System/Library/PrivateFrameworks/perfdata.framework/Versions/A/perfdata
0x00007ff8205d2000 	/System/Library/PrivateFrameworks/AudioToolboxCore.framework/Versions/A/AudioToolboxCore
0x00007ff827c10000 	/System/Library/PrivateFrameworks/caulk.framework/Versions/A/caulk
0x00007ff82ccc9000 	/usr/lib/libAudioStatistics.dylib
0x00007ff9249c0000 	/System/Library/PrivateFrameworks/SystemPolicy.framework/Versions/A/SystemPolicy
0x00007ff82cf24000 	/usr/lib/libSMC.dylib
0x00007ff835e41000 	/System/Library/Frameworks/CoreMIDI.framework/Versions/A/CoreMIDI
0x00007ff82baa6000 	/usr/lib/libAudioToolboxUtility.dylib
0x00007ff920bf5000 	/System/Library/PrivateFrameworks/OSAServicesClient.framework/Versions/A/OSAServicesClient
0x00007ff82d3c4000 	/usr/lib/libperfcheck.dylib
0x00007ff92546a000 	/usr/lib/libmis.dylib
0x00007ffa37f51000 	/System/Library/Frameworks/OpenGL.framework/Versions/A/Libraries/libGLU.dylib
0x00007ffa37f15000 	/System/Library/Frameworks/OpenGL.framework/Versions/A/Libraries/libGFXShared.dylib
0x00007ffa3811e000 	/System/Library/Frameworks/OpenGL.framework/Versions/A/Libraries/libGL.dylib
0x00007ffa37f1e000 	/System/Library/Frameworks/OpenGL.framework/Versions/A/Libraries/libGLImage.dylib
0x00007ffa37f12000 	/System/Library/Frameworks/OpenGL.framework/Versions/A/Libraries/libCVMSPluginSupport.dylib
0x00007ffa37efd000 	/System/Library/Frameworks/OpenGL.framework/Versions/A/Libraries/libCoreVMClient.dylib
0x00007ff82877b000 	/System/Library/Frameworks/MetalPerformanceShaders.framework/Versions/A/Frameworks/MPSCore.framework/Versions/A/MPSCore
0x00007ff829b3d000 	/System/Library/Frameworks/MetalPerformanceShaders.framework/Versions/A/Frameworks/MPSImage.framework/Versions/A/MPSImage
0x00007ff8295e3000 	/System/Library/Frameworks/MetalPerformanceShaders.framework/Versions/A/Frameworks/MPSNeuralNetwork.framework/Versions/A/MPSNeuralNetwork
0x00007ff829a57000 	/System/Library/Frameworks/MetalPerformanceShaders.framework/Versions/A/Frameworks/MPSMatrix.framework/Versions/A/MPSMatrix
0x00007ff829812000 	/System/Library/Frameworks/MetalPerformanceShaders.framework/Versions/A/Frameworks/MPSRayIntersector.framework/Versions/A/MPSRayIntersector
0x00007ff829a8f000 	/System/Library/Frameworks/MetalPerformanceShaders.framework/Versions/A/Frameworks/MPSNDArray.framework/Versions/A/MPSNDArray
0x00007ffa3d118000 	/System/Library/Frameworks/MetalPerformanceShaders.framework/Versions/A/Frameworks/MPSFunctions.framework/Versions/A/MPSFunctions
0x00007ff81f8d3000 	/System/Library/PrivateFrameworks/MetalTools.framework/Versions/A/MetalTools
0x00007ff8287f7000 	/System/Library/PrivateFrameworks/AggregateDictionary.framework/Versions/A/AggregateDictionary
0x00007ff82a932000 	/usr/lib/libIOReport.dylib
0x00007ffa3952d000 	/System/Library/Frameworks/OpenCL.framework/Versions/A/OpenCL
0x00007ff82ac96000 	/System/Library/PrivateFrameworks/FaceCore.framework/Versions/A/FaceCore
0x00007ff82ac87000 	/System/Library/PrivateFrameworks/GraphVisualizer.framework/Versions/A/GraphVisualizer
0x00007ffb24905000 	/System/Library/PrivateFrameworks/FontServices.framework/Versions/A/FontServices
0x00007ff82b0b0000 	/System/Library/PrivateFrameworks/OTSVG.framework/Versions/A/OTSVG
0x00007ff8265b6000 	/System/Library/Frameworks/ApplicationServices.framework/Versions/A/Frameworks/ATS.framework/Versions/A/Resources/libFontRegistry.dylib
0x00007ff82b100000 	/System/Library/PrivateFrameworks/FontServices.framework/libhvf.dylib
0x00007ffb24906000 	/System/Library/PrivateFrameworks/FontServices.framework/libXTFontStaticRegistryData.dylib
0x00007ff82ab00000 	/System/Library/PrivateFrameworks/AppleVA.framework/Versions/A/AppleVA
0x00007ff82cce9000 	/System/Library/Frameworks/ApplicationServices.framework/Versions/A/Frameworks/ATS.framework/Versions/A/ATS
0x00007ff824c67000 	/System/Library/Frameworks/ApplicationServices.framework/Versions/A/Frameworks/HIServices.framework/Versions/A/HIServices
0x00007ff82bbf5000 	/System/Library/Frameworks/ApplicationServices.framework/Versions/A/Frameworks/PrintCore.framework/Versions/A/PrintCore
0x00007ff82d077000 	/System/Library/Frameworks/ApplicationServices.framework/Versions/A/Frameworks/QD.framework/Versions/A/QD
0x00007ff82d06f000 	/System/Library/Frameworks/ApplicationServices.framework/Versions/A/Frameworks/ColorSyncLegacy.framework/Versions/A/ColorSyncLegacy
0x00007ff82ccd9000 	/System/Library/Frameworks/ApplicationServices.framework/Versions/A/Frameworks/SpeechSynthesis.framework/Versions/A/SpeechSynthesis
0x00007ff82bbb6000 	/System/Library/Frameworks/ApplicationServices.framework/Versions/A/Frameworks/ATSUI.framework/Versions/A/ATSUI
0x00007ff82d004000 	/usr/lib/libcups.2.dylib
0x00007ff82d3d3000 	/System/Library/Frameworks/Kerberos.framework/Versions/A/Kerberos
0x00007ff82d3e2000 	/System/Library/Frameworks/GSS.framework/Versions/A/GSS
0x00007ff82cd55000 	/usr/lib/libresolv.9.dylib
0x00007ff82b10f000 	/System/Library/PrivateFrameworks/Heimdal.framework/Versions/A/Heimdal
0x00007ff833fc4000 	/System/Library/Frameworks/Kerberos.framework/Versions/A/Libraries/libHeimdalProxy.dylib
0x00007ff825923000 	/System/Library/Frameworks/Network.framework/Versions/A/Network
0x00007ff82ab6a000 	/usr/lib/libheimdal-asn1.dylib
0x00007ff82d42d000 	/System/Library/PrivateFrameworks/CommonAuth.framework/Versions/A/CommonAuth
0x00007ff82cc5b000 	/System/Library/PrivateFrameworks/AudioSession.framework/Versions/A/AudioSession
0x00007ff82abfa000 	/System/Library/PrivateFrameworks/MediaExperience.framework/Versions/A/MediaExperience
0x00007ff82caee000 	/System/Library/PrivateFrameworks/AudioSession.framework/libSessionUtility.dylib
0x00007ff82d083000 	/System/Library/PrivateFrameworks/AudioResourceArbitration.framework/Versions/A/AudioResourceArbitration
0x00007ff831104000 	/System/Library/PrivateFrameworks/PowerLog.framework/Versions/A/PowerLog
0x00007ff82ab73000 	/System/Library/PrivateFrameworks/IconFoundation.framework/Versions/A/IconFoundation
0x00007ff82feba000 	/System/Library/PrivateFrameworks/SpeechRecognitionCore.framework/Versions/A/SpeechRecognitionCore
0x0000000102139000 	/Library/Java/JavaVirtualMachines/jdk-11.0.8.jdk/Contents/Home/lib/server/libjvm.dylib
0x00000001013d0000 	/Library/Java/JavaVirtualMachines/jdk-11.0.8.jdk/Contents/Home/lib/libverify.dylib
0x000000010140c000 	/Library/Java/JavaVirtualMachines/jdk-11.0.8.jdk/Contents/Home/lib/libjava.dylib
0x00000001013e0000 	/Library/Java/JavaVirtualMachines/jdk-11.0.8.jdk/Contents/Home/lib/libjimage.dylib
0x00000001013f8000 	/Library/Java/JavaVirtualMachines/jdk-11.0.8.jdk/Contents/Home/lib/libzip.dylib
0x0000000101eb1000 	/Library/Java/JavaVirtualMachines/jdk-11.0.8.jdk/Contents/Home/lib/libnio.dylib
0x0000000101edd000 	/Library/Java/JavaVirtualMachines/jdk-11.0.8.jdk/Contents/Home/lib/libnet.dylib
0x0000000101ef7000 	/Users/soniaswanson/Downloads/javafx-sdk-17.0.1/lib/libprism_es2.dylib
0x00007ff821a69000 	/System/Library/PrivateFrameworks/CoreServicesInternal.framework/Versions/A/CoreServicesInternal
0x00007ffa38129000 	/System/Library/Frameworks/OpenGL.framework/Versions/A/Resources/GLEngine.bundle/GLEngine
0x00007ffa37f8f000 	/System/Library/Frameworks/OpenGL.framework/Versions/A/Libraries/libGLProgrammability.dylib
0x00007ffa2cfb1000 	/System/Library/Extensions/AppleIntelKBLGraphicsGLDriver.bundle/Contents/MacOS/AppleIntelKBLGraphicsGLDriver
0x00007ff92f5ef000 	/System/Library/PrivateFrameworks/GPUSupport.framework/Versions/A/Libraries/libGPUSupportMercury.dylib
0x00007ffa382b3000 	/System/Library/Frameworks/OpenGL.framework/Versions/A/Resources/GLRendererFloat.bundle/GLRendererFloat
0x00000001064ea000 	/Users/soniaswanson/Downloads/javafx-sdk-17.0.1/lib/libglass.dylib
0x00007ff8316f5000 	/System/Library/Frameworks/FileProvider.framework/Versions/A/FileProvider
0x00007ff825707000 	/System/Library/Frameworks/Accounts.framework/Versions/A/Accounts
0x00007ff83186e000 	/System/Library/PrivateFrameworks/GenerationalStorage.framework/Versions/A/GenerationalStorage
0x00007ff83237e000 	/System/Library/PrivateFrameworks/CoreSymbolication.framework/Versions/A/CoreSymbolication
0x00007ff8310f9000 	/System/Library/PrivateFrameworks/SymptomDiagnosticReporter.framework/Versions/A/SymptomDiagnosticReporter
0x00007ff822d28000 	/System/Library/PrivateFrameworks/DesktopServicesPriv.framework/Versions/A/DesktopServicesPriv
0x00007ff821ba8000 	/usr/lib/libsandbox.1.dylib
0x00007ff826a4e000 	/System/Library/PrivateFrameworks/UserManagement.framework/Versions/A/UserManagement
0x00007ff832343000 	/System/Library/PrivateFrameworks/DebugSymbols.framework/Versions/A/DebugSymbols
0x00007ff82d064000 	/System/Library/PrivateFrameworks/NetAuth.framework/Versions/A/NetAuth
0x00007ff82df73000 	/System/Library/PrivateFrameworks/Sharing.framework/Versions/A/Sharing
0x00007ff826a21000 	/System/Library/PrivateFrameworks/login.framework/Versions/A/Frameworks/loginsupport.framework/Versions/A/loginsupport
0x00007ff8334e1000 	/System/Library/PrivateFrameworks/Apple80211.framework/Versions/A/Apple80211
0x00007ff829c22000 	/System/Library/PrivateFrameworks/AuthKit.framework/Versions/A/AuthKit
0x00007ff829277000 	/System/Library/PrivateFrameworks/CoreUtils.framework/Versions/A/CoreUtils
0x00007ff82919e000 	/System/Library/Frameworks/CoreWLAN.framework/Versions/A/CoreWLAN
0x00007ff82e0d2000 	/System/Library/Frameworks/IOBluetooth.framework/Versions/A/IOBluetooth
0x00007ff833549000 	/System/Library/PrivateFrameworks/CoreWiFi.framework/Versions/A/CoreWiFi
0x00007ff831f18000 	/System/Library/PrivateFrameworks/FrontBoardServices.framework/Versions/A/FrontBoardServices
0x00007ff831fa9000 	/System/Library/PrivateFrameworks/BoardServices.framework/Versions/A/BoardServices
0x00007ff829486000 	/System/Library/PrivateFrameworks/AssertionServices.framework/Versions/A/AssertionServices
0x00007ff8336cc000 	/System/Library/PrivateFrameworks/BackBoardServices.framework/Versions/A/BackBoardServices
0x00007ff82d4be000 	/System/Library/PrivateFrameworks/CorePhoneNumbers.framework/Versions/A/CorePhoneNumbers
0x00007ff82cd82000 	/System/Library/PrivateFrameworks/MultiverseSupport.framework/Versions/A/MultiverseSupport
0x00007ff83393f000 	/System/Library/PrivateFrameworks/RemoteServiceDiscovery.framework/Versions/A/RemoteServiceDiscovery
0x00007ff831216000 	/System/Library/PrivateFrameworks/DiskManagement.framework/Versions/A/DiskManagement
0x00007ff83112a000 	/System/Library/PrivateFrameworks/AppleIDAuthSupport.framework/Versions/A/AppleIDAuthSupport
0x00007ffb1f29c000 	/System/Library/PrivateFrameworks/AAAFoundation.framework/Versions/A/AAAFoundation
0x00007ff82d49f000 	/System/Library/PrivateFrameworks/KeychainCircle.framework/Versions/A/KeychainCircle
0x00007ff83394f000 	/System/Library/PrivateFrameworks/RemoteXPC.framework/Versions/A/RemoteXPC
0x00007ff8311e2000 	/System/Library/PrivateFrameworks/MediaKit.framework/Versions/A/MediaKit
0x00007ff831136000 	/System/Library/Frameworks/DiscRecording.framework/Versions/A/DiscRecording
0x00007ff82aa78000 	/usr/lib/libCoreStorage.dylib
0x00007ff8339ba000 	/usr/lib/libcsfde.dylib
0x00007ff82e19f000 	/System/Library/PrivateFrameworks/ProtectedCloudStorage.framework/Versions/A/ProtectedCloudStorage
0x00007ff8339b6000 	/System/Library/PrivateFrameworks/EFILogin.framework/Versions/A/EFILogin
0x00007ff831894000 	/System/Library/PrivateFrameworks/OctagonTrust.framework/Versions/A/OctagonTrust
0x00007ffb23b68000 	/System/Library/PrivateFrameworks/CoreUtilsExtras.framework/Versions/A/CoreUtilsExtras
0x00007ff83105d000 	/System/Library/Frameworks/CoreBluetooth.framework/Versions/A/CoreBluetooth
0x00007ff834049000 	/System/Library/Frameworks/AudioUnit.framework/Versions/A/AudioUnit
0x00007ff82aa70000 	/usr/lib/libMatch.1.dylib
0x00007ff929a7c000 	/System/Library/Frameworks/Accelerate.framework/Versions/A/Frameworks/vImage.framework/Versions/A/Libraries/libCGInterfaces.dylib
0x0000000124b21000 	/usr/lib/libobjc-trampolines.dylib
0x00007ff826746000 	/System/Library/PrivateFrameworks/ViewBridge.framework/Versions/A/ViewBridge
0x0000000127847000 	/Users/soniaswanson/Downloads/javafx-sdk-17.0.1/lib/libjavafx_font.dylib
0x00007ff82b1c6000 	/System/Library/PrivateFrameworks/login.framework/Versions/A/login
0x0000000127cb1000 	/Users/soniaswanson/Downloads/javafx-sdk-17.0.1/lib/libjavafx_iio.dylib
0x00007ffb373c5000 	/usr/lib/libRosetta.dylib


VM Arguments:
jvm_args: --module-path=/Users/soniaswanson/downloads/javafx-sdk-17.0.1/lib --add-modules=javafx.controls,javafx.fxml -Dfile.encoding=UTF-8 
java_command: ShowOrderFX -Djavafx.verbose=true
java_class_path (initial): /Users/soniaswanson/Personal Projects/ShowOrder/bin:/Users/soniaswanson/Downloads/javafx-sdk-17.0.1/lib/javafx.web.jar:/Users/soniaswanson/Downloads/javafx-sdk-17.0.1/lib/javafx.swing.jar:/Users/soniaswanson/Downloads/javafx-sdk-17.0.1/lib/javafx.media.jar:/Users/soniaswanson/Downloads/javafx-sdk-17.0.1/lib/javafx.graphics.jar:/Users/soniaswanson/Downloads/javafx-sdk-17.0.1/lib/javafx.fxml.jar:/Users/soniaswanson/Downloads/javafx-sdk-17.0.1/lib/javafx.controls.jar:/Users/soniaswanson/Downloads/javafx-sdk-17.0.1/lib/javafx.base.jar:/Users/soniaswanson/Downloads/javafx-sdk-17.0.1/lib/javafx-swt.jar
Launcher Type: SUN_STANDARD

[Global flags]
     intx CICompilerCount                          = 3                                         {product} {ergonomic}
     uint ConcGCThreads                            = 1                                         {product} {ergonomic}
     uint G1ConcRefinementThreads                  = 4                                         {product} {ergonomic}
   size_t G1HeapRegionSize                         = 1048576                                   {product} {ergonomic}
    uintx GCDrainStackTargetSize                   = 64                                        {product} {ergonomic}
   size_t InitialHeapSize                          = 134217728                                 {product} {ergonomic}
   size_t MarkStackSize                            = 4194304                                   {product} {ergonomic}
   size_t MaxHeapSize                              = 2147483648                                {product} {ergonomic}
   size_t MaxNewSize                               = 1287651328                                {product} {ergonomic}
   size_t MinHeapDeltaBytes                        = 1048576                                   {product} {ergonomic}
    uintx NonNMethodCodeHeapSize                   = 5830732                                {pd product} {ergonomic}
    uintx NonProfiledCodeHeapSize                  = 122913754                              {pd product} {ergonomic}
    uintx ProfiledCodeHeapSize                     = 122913754                              {pd product} {ergonomic}
    uintx ReservedCodeCacheSize                    = 251658240                              {pd product} {ergonomic}
     bool SegmentedCodeCache                       = true                                      {product} {ergonomic}
     bool UseCompressedClassPointers               = true                                 {lp64_product} {ergonomic}
     bool UseCompressedOops                        = true                                 {lp64_product} {ergonomic}
     bool UseG1GC                                  = true                                      {product} {ergonomic}

Logging:
Log output configuration:
 #0: stdout all=warning uptime,level,tags
 #1: stderr all=off uptime,level,tags

Environment Variables:
PATH=/usr/bin:/bin:/usr/sbin:/sbin
SHELL=/bin/bash

Signal Handlers:
SIGSEGV: [libjvm.dylib+0x786954], sa_mask[0]=11111111011111110111111111111111, sa_flags=SA_ONSTACK|SA_RESTART|SA_SIGINFO
SIGBUS: [libjvm.dylib+0x786954], sa_mask[0]=11111111011111110111111111111111, sa_flags=SA_RESTART|SA_SIGINFO
SIGFPE: [libjvm.dylib+0x786954], sa_mask[0]=11111111011111110111111111111111, sa_flags=SA_RESTART|SA_SIGINFO
SIGPIPE: [libjvm.dylib+0x637ecb], sa_mask[0]=11111111011111110111111111111111, sa_flags=SA_RESTART|SA_SIGINFO
SIGXFSZ: [libjvm.dylib+0x637ecb], sa_mask[0]=11111111011111110111111111111111, sa_flags=SA_RESTART|SA_SIGINFO
SIGILL: [libjvm.dylib+0x786954], sa_mask[0]=11111111011111110111111111111111, sa_flags=SA_RESTART|SA_SIGINFO
SIGUSR2: [libjvm.dylib+0x6384b5], sa_mask[0]=00100000000000000000000000000000, sa_flags=SA_RESTART|SA_SIGINFO
SIGHUP: [libjvm.dylib+0x636f13], sa_mask[0]=11111111011111110111111111111111, sa_flags=SA_RESTART|SA_SIGINFO
SIGINT: [libjvm.dylib+0x636f13], sa_mask[0]=11111111011111110111111111111111, sa_flags=SA_RESTART|SA_SIGINFO
SIGTERM: [libjvm.dylib+0x636f13], sa_mask[0]=11111111011111110111111111111111, sa_flags=SA_RESTART|SA_SIGINFO
SIGQUIT: [libjvm.dylib+0x636f13], sa_mask[0]=11111111011111110111111111111111, sa_flags=SA_RESTART|SA_SIGINFO


---------------  S Y S T E M  ---------------

OS:uname:Darwin 21.5.0 Darwin Kernel Version 21.5.0: Tue Apr 26 21:08:22 PDT 2022; root:xnu-8020.121.3~4/RELEASE_X86_64 x86_64
rlimit: STACK 8192k, CORE 0k, NPROC 1392, NOFILE 10240, AS infinity, DATA infinity, FSIZE infinity
load average:2.26 1.95 2.45

CPU:total 4 (initial active 4) (2 cores per cpu, 2 threads per core) family 6 model 142 stepping 9, cmov, cx8, fxsr, mmx, sse, sse2, sse3, ssse3, sse4.1, sse4.2, popcnt, avx, avx2, aes, clmul, erms, 3dnowpref, lzcnt, ht, tsc, tscinvbit, bmi1, bmi2, adx, fma

Memory: 4k page, physical 8388608k(21288k free)

vm_info: Java HotSpot(TM) 64-Bit Server VM (11.0.8+10-LTS) for bsd-amd64 JRE (11.0.8+10-LTS), built on Jun 16 2020 04:52:58 by "mach5one" with gcc 4.2.1 Compatible Apple LLVM 10.0.0 (clang-1000.11.45.5)

END.
